{"/Users/davidpenagosmejia/Desktop/mimo-regalostestNV/mimo-regalostestv4/backend/scripts/lib/safety.ts": {"path":"/Users/davidpenagosmejia/Desktop/mimo-regalostestNV/mimo-regalostestv4/backend/scripts/lib/safety.ts","statementMap":{"0":{"start":{"line":20,"column":0},"end":{"line":20,"column":16}},"1":{"start":{"line":75,"column":0},"end":{"line":75,"column":16}},"2":{"start":{"line":1,"column":43},"end":{"line":9,"column":2}},"3":{"start":{"line":11,"column":40},"end":{"line":16,"column":2}},"4":{"start":{"line":18,"column":20},"end":{"line":18,"column":64}},"5":{"start":{"line":23,"column":2},"end":{"line":28,"column":3}},"6":{"start":{"line":24,"column":19},"end":{"line":24,"column":35}},"7":{"start":{"line":25,"column":4},"end":{"line":25,"column":45}},"8":{"start":{"line":27,"column":4},"end":{"line":27,"column":66}},"9":{"start":{"line":30,"column":2},"end":{"line":32,"column":3}},"10":{"start":{"line":31,"column":4},"end":{"line":31,"column":11}},"11":{"start":{"line":34,"column":2},"end":{"line":41,"column":3}},"12":{"start":{"line":35,"column":4},"end":{"line":40,"column":5}},"13":{"start":{"line":36,"column":6},"end":{"line":39,"column":8}},"14":{"start":{"line":43,"column":2},"end":{"line":50,"column":3}},"15":{"start":{"line":44,"column":4},"end":{"line":49,"column":5}},"16":{"start":{"line":45,"column":6},"end":{"line":48,"column":8}},"17":{"start":{"line":52,"column":22},"end":{"line":52,"column":78}},"18":{"start":{"line":53,"column":2},"end":{"line":58,"column":3}},"19":{"start":{"line":54,"column":4},"end":{"line":57,"column":6}},"20":{"start":{"line":61,"column":24},"end":{"line":66,"column":2}},"21":{"start":{"line":68,"column":24},"end":{"line":73,"column":2}},"22":{"start":{"line":79,"column":22},"end":{"line":79,"column":42}},"23":{"start":{"line":81,"column":2},"end":{"line":83,"column":3}},"24":{"start":{"line":82,"column":4},"end":{"line":82,"column":21}},"25":{"start":{"line":85,"column":21},"end":{"line":85,"column":39}},"26":{"start":{"line":87,"column":2},"end":{"line":91,"column":3}},"27":{"start":{"line":88,"column":4},"end":{"line":90,"column":5}},"28":{"start":{"line":89,"column":6},"end":{"line":89,"column":23}},"29":{"start":{"line":93,"column":2},"end":{"line":100,"column":3}},"30":{"start":{"line":94,"column":4},"end":{"line":99,"column":5}},"31":{"start":{"line":98,"column":6},"end":{"line":98,"column":25}},"32":{"start":{"line":102,"column":2},"end":{"line":104,"column":3}},"33":{"start":{"line":103,"column":4},"end":{"line":103,"column":23}},"34":{"start":{"line":106,"column":2},"end":{"line":106,"column":19}}},"fnMap":{"0":{"name":"assertSafeTarget","decl":{"start":{"line":20,"column":16},"end":{"line":20,"column":32}},"loc":{"start":{"line":20,"column":48},"end":{"line":59,"column":1}}},"1":{"name":"classifyEndpoint","decl":{"start":{"line":75,"column":16},"end":{"line":75,"column":32}},"loc":{"start":{"line":77,"column":14},"end":{"line":107,"column":1}}}},"branchMap":{"0":{"loc":{"start":{"line":30,"column":2},"end":{"line":32,"column":3}},"type":"if","locations":[{"start":{"line":30,"column":2},"end":{"line":32,"column":3}},{"start":{},"end":{}}]},"1":{"loc":{"start":{"line":35,"column":4},"end":{"line":40,"column":5}},"type":"if","locations":[{"start":{"line":35,"column":4},"end":{"line":40,"column":5}},{"start":{},"end":{}}]},"2":{"loc":{"start":{"line":44,"column":4},"end":{"line":49,"column":5}},"type":"if","locations":[{"start":{"line":44,"column":4},"end":{"line":49,"column":5}},{"start":{},"end":{}}]},"3":{"loc":{"start":{"line":52,"column":23},"end":{"line":52,"column":63}},"type":"binary-expr","locations":[{"start":{"line":52,"column":23},"end":{"line":52,"column":57}},{"start":{"line":52,"column":61},"end":{"line":52,"column":63}}]},"4":{"loc":{"start":{"line":53,"column":2},"end":{"line":58,"column":3}},"type":"if","locations":[{"start":{"line":53,"column":2},"end":{"line":58,"column":3}},{"start":{},"end":{}}]},"5":{"loc":{"start":{"line":81,"column":2},"end":{"line":83,"column":3}},"type":"if","locations":[{"start":{"line":81,"column":2},"end":{"line":83,"column":3}},{"start":{},"end":{}}]},"6":{"loc":{"start":{"line":88,"column":4},"end":{"line":90,"column":5}},"type":"if","locations":[{"start":{"line":88,"column":4},"end":{"line":90,"column":5}},{"start":{},"end":{}}]},"7":{"loc":{"start":{"line":94,"column":4},"end":{"line":99,"column":5}},"type":"if","locations":[{"start":{"line":94,"column":4},"end":{"line":99,"column":5}},{"start":{},"end":{}}]},"8":{"loc":{"start":{"line":95,"column":6},"end":{"line":96,"column":49}},"type":"binary-expr","locations":[{"start":{"line":95,"column":6},"end":{"line":95,"column":30}},{"start":{"line":96,"column":6},"end":{"line":96,"column":49}}]},"9":{"loc":{"start":{"line":102,"column":2},"end":{"line":104,"column":3}},"type":"if","locations":[{"start":{"line":102,"column":2},"end":{"line":104,"column":3}},{"start":{},"end":{}}]},"10":{"loc":{"start":{"line":102,"column":6},"end":{"line":102,"column":61}},"type":"binary-expr","locations":[{"start":{"line":102,"column":6},"end":{"line":102,"column":36}},{"start":{"line":102,"column":40},"end":{"line":102,"column":61}}]}},"s":{"0":1,"1":1,"2":1,"3":1,"4":1,"5":13,"6":13,"7":12,"8":1,"9":12,"10":4,"11":8,"12":53,"13":3,"14":5,"15":14,"16":2,"17":3,"18":3,"19":1,"20":1,"21":1,"22":16,"23":16,"24":3,"25":13,"26":13,"27":46,"28":4,"29":9,"30":30,"31":4,"32":5,"33":3,"34":2},"f":{"0":13,"1":16},"b":{"0":[4,8],"1":[3,50],"2":[2,12],"3":[3,1],"4":[1,2],"5":[3,13],"6":[4,42],"7":[4,26],"8":[30,30],"9":[3,2],"10":[5,3]}}
,"/Users/davidpenagosmejia/Desktop/mimo-regalostestNV/mimo-regalostestv4/backend/scripts/lib/stats.ts": {"path":"/Users/davidpenagosmejia/Desktop/mimo-regalostestNV/mimo-regalostestv4/backend/scripts/lib/stats.ts","statementMap":{"0":{"start":{"line":13,"column":0},"end":{"line":13,"column":16}},"1":{"start":{"line":28,"column":0},"end":{"line":28,"column":16}},"2":{"start":{"line":34,"column":0},"end":{"line":34,"column":16}},"3":{"start":{"line":41,"column":0},"end":{"line":41,"column":16}},"4":{"start":{"line":14,"column":2},"end":{"line":14,"column":45}},"5":{"start":{"line":14,"column":27},"end":{"line":14,"column":45}},"6":{"start":{"line":15,"column":2},"end":{"line":15,"column":44}},"7":{"start":{"line":15,"column":27},"end":{"line":15,"column":44}},"8":{"start":{"line":17,"column":17},"end":{"line":17,"column":79}},"9":{"start":{"line":17,"column":64},"end":{"line":17,"column":69}},"10":{"start":{"line":18,"column":16},"end":{"line":18,"column":49}},"11":{"start":{"line":19,"column":16},"end":{"line":19,"column":33}},"12":{"start":{"line":20,"column":16},"end":{"line":20,"column":32}},"13":{"start":{"line":22,"column":2},"end":{"line":22,"column":44}},"14":{"start":{"line":22,"column":23},"end":{"line":22,"column":44}},"15":{"start":{"line":24,"column":17},"end":{"line":24,"column":30}},"16":{"start":{"line":25,"column":2},"end":{"line":25,"column":63}},"17":{"start":{"line":29,"column":2},"end":{"line":29,"column":45}},"18":{"start":{"line":29,"column":27},"end":{"line":29,"column":45}},"19":{"start":{"line":30,"column":14},"end":{"line":30,"column":47}},"20":{"start":{"line":30,"column":38},"end":{"line":30,"column":43}},"21":{"start":{"line":31,"column":2},"end":{"line":31,"column":29}},"22":{"start":{"line":35,"column":2},"end":{"line":35,"column":34}},"23":{"start":{"line":35,"column":25},"end":{"line":35,"column":34}},"24":{"start":{"line":36,"column":12},"end":{"line":36,"column":31}},"25":{"start":{"line":37,"column":23},"end":{"line":37,"column":54}},"26":{"start":{"line":37,"column":41},"end":{"line":37,"column":53}},"27":{"start":{"line":38,"column":2},"end":{"line":38,"column":39}},"28":{"start":{"line":42,"column":2},"end":{"line":54,"column":3}},"29":{"start":{"line":43,"column":4},"end":{"line":53,"column":6}},"30":{"start":{"line":56,"column":17},"end":{"line":56,"column":50}},"31":{"start":{"line":56,"column":44},"end":{"line":56,"column":49}},"32":{"start":{"line":57,"column":14},"end":{"line":57,"column":26}},"33":{"start":{"line":59,"column":2},"end":{"line":69,"column":4}},"34":{"start":{"line":73,"column":2},"end":{"line":73,"column":35}}},"fnMap":{"0":{"name":"percentile","decl":{"start":{"line":13,"column":16},"end":{"line":13,"column":26}},"loc":{"start":{"line":13,"column":56},"end":{"line":26,"column":1}}},"1":{"name":"(anonymous_1)","decl":{"start":{"line":17,"column":54},"end":{"line":17,"column":55}},"loc":{"start":{"line":17,"column":64},"end":{"line":17,"column":69}}},"2":{"name":"mean","decl":{"start":{"line":28,"column":16},"end":{"line":28,"column":20}},"loc":{"start":{"line":28,"column":37},"end":{"line":32,"column":1}}},"3":{"name":"(anonymous_3)","decl":{"start":{"line":30,"column":28},"end":{"line":30,"column":29}},"loc":{"start":{"line":30,"column":38},"end":{"line":30,"column":43}}},"4":{"name":"stddev","decl":{"start":{"line":34,"column":16},"end":{"line":34,"column":22}},"loc":{"start":{"line":34,"column":53},"end":{"line":39,"column":1}}},"5":{"name":"(anonymous_5)","decl":{"start":{"line":37,"column":34},"end":{"line":37,"column":35}},"loc":{"start":{"line":37,"column":41},"end":{"line":37,"column":53}}},"6":{"name":"stats","decl":{"start":{"line":41,"column":16},"end":{"line":41,"column":21}},"loc":{"start":{"line":41,"column":38},"end":{"line":70,"column":1}}},"7":{"name":"(anonymous_7)","decl":{"start":{"line":56,"column":34},"end":{"line":56,"column":35}},"loc":{"start":{"line":56,"column":44},"end":{"line":56,"column":49}}},"8":{"name":"round2","decl":{"start":{"line":72,"column":9},"end":{"line":72,"column":15}},"loc":{"start":{"line":72,"column":25},"end":{"line":74,"column":1}}}},"branchMap":{"0":{"loc":{"start":{"line":14,"column":2},"end":{"line":14,"column":45}},"type":"if","locations":[{"start":{"line":14,"column":2},"end":{"line":14,"column":45}},{"start":{},"end":{}}]},"1":{"loc":{"start":{"line":15,"column":2},"end":{"line":15,"column":44}},"type":"if","locations":[{"start":{"line":15,"column":2},"end":{"line":15,"column":44}},{"start":{},"end":{}}]},"2":{"loc":{"start":{"line":17,"column":17},"end":{"line":17,"column":79}},"type":"cond-expr","locations":[{"start":{"line":17,"column":37},"end":{"line":17,"column":70}},{"start":{"line":17,"column":73},"end":{"line":17,"column":79}}]},"3":{"loc":{"start":{"line":22,"column":2},"end":{"line":22,"column":44}},"type":"if","locations":[{"start":{"line":22,"column":2},"end":{"line":22,"column":44}},{"start":{},"end":{}}]},"4":{"loc":{"start":{"line":29,"column":2},"end":{"line":29,"column":45}},"type":"if","locations":[{"start":{"line":29,"column":2},"end":{"line":29,"column":45}},{"start":{},"end":{}}]},"5":{"loc":{"start":{"line":35,"column":2},"end":{"line":35,"column":34}},"type":"if","locations":[{"start":{"line":35,"column":2},"end":{"line":35,"column":34}},{"start":{},"end":{}}]},"6":{"loc":{"start":{"line":36,"column":12},"end":{"line":36,"column":31}},"type":"binary-expr","locations":[{"start":{"line":36,"column":12},"end":{"line":36,"column":15}},{"start":{"line":36,"column":19},"end":{"line":36,"column":31}}]},"7":{"loc":{"start":{"line":42,"column":2},"end":{"line":54,"column":3}},"type":"if","locations":[{"start":{"line":42,"column":2},"end":{"line":54,"column":3}},{"start":{},"end":{}}]}},"s":{"0":1,"1":1,"2":1,"3":1,"4":20,"5":1,"6":19,"7":2,"8":17,"9":256,"10":17,"11":17,"12":17,"13":17,"14":7,"15":10,"16":10,"17":15,"18":1,"19":14,"20":52,"21":14,"22":7,"23":2,"24":5,"25":5,"26":22,"27":5,"28":4,"29":1,"30":3,"31":8,"32":3,"33":3,"34":32},"f":{"0":20,"1":256,"2":15,"3":52,"4":7,"5":22,"6":4,"7":8,"8":32},"b":{"0":[1,19],"1":[2,17],"2":[17,0],"3":[7,10],"4":[1,14],"5":[2,5],"6":[5,2],"7":[1,3]}}
,"/Users/davidpenagosmejia/Desktop/mimo-regalostestNV/mimo-regalostestv4/backend/src/admin-users/admin-users.service.ts": {"path":"/Users/davidpenagosmejia/Desktop/mimo-regalostestNV/mimo-regalostestv4/backend/src/admin-users/admin-users.service.ts","statementMap":{"0":{"start":{"line":1,"column":0},"end":{"line":1,"column":null}},"1":{"start":{"line":8,"column":0},"end":{"line":8,"column":57}},"2":{"start":{"line":13,"column":0},"end":{"line":13,"column":33}},"3":{"start":{"line":16,"column":7},"end":{"line":208,"column":null}},"4":{"start":{"line":17,"column":31},"end":{"line":17,"column":39}},"5":{"start":{"line":20,"column":4},"end":{"line":27,"column":7}},"6":{"start":{"line":31,"column":17},"end":{"line":38,"column":6}},"7":{"start":{"line":40,"column":4},"end":{"line":42,"column":5}},"8":{"start":{"line":41,"column":6},"end":{"line":41,"column":60}},"9":{"start":{"line":44,"column":4},"end":{"line":44,"column":16}},"10":{"start":{"line":49,"column":20},"end":{"line":51,"column":6}},"11":{"start":{"line":53,"column":4},"end":{"line":55,"column":5}},"12":{"start":{"line":54,"column":6},"end":{"line":54,"column":78}},"13":{"start":{"line":58,"column":21},"end":{"line":60,"column":6}},"14":{"start":{"line":62,"column":4},"end":{"line":64,"column":5}},"15":{"start":{"line":63,"column":6},"end":{"line":63,"column":74}},"16":{"start":{"line":67,"column":17},"end":{"line":69,"column":6}},"17":{"start":{"line":71,"column":4},"end":{"line":73,"column":5}},"18":{"start":{"line":72,"column":6},"end":{"line":72,"column":70}},"19":{"start":{"line":76,"column":27},"end":{"line":76,"column":62}},"20":{"start":{"line":78,"column":4},"end":{"line":92,"column":7}},"21":{"start":{"line":96,"column":17},"end":{"line":96,"column":39}},"22":{"start":{"line":99,"column":4},"end":{"line":101,"column":5}},"23":{"start":{"line":100,"column":6},"end":{"line":100,"column":78}},"24":{"start":{"line":103,"column":28},"end":{"line":103,"column":30}},"25":{"start":{"line":105,"column":4},"end":{"line":105,"column":45}},"26":{"start":{"line":105,"column":18},"end":{"line":105,"column":45}},"27":{"start":{"line":106,"column":4},"end":{"line":115,"column":5}},"28":{"start":{"line":108,"column":23},"end":{"line":110,"column":8}},"29":{"start":{"line":111,"column":6},"end":{"line":113,"column":7}},"30":{"start":{"line":112,"column":8},"end":{"line":112,"column":76}},"31":{"start":{"line":114,"column":6},"end":{"line":114,"column":35}},"32":{"start":{"line":116,"column":4},"end":{"line":121,"column":5}},"33":{"start":{"line":117,"column":19},"end":{"line":119,"column":8}},"34":{"start":{"line":120,"column":6},"end":{"line":120,"column":44}},"35":{"start":{"line":120,"column":16},"end":{"line":120,"column":44}},"36":{"start":{"line":122,"column":4},"end":{"line":130,"column":5}},"37":{"start":{"line":123,"column":22},"end":{"line":125,"column":8}},"38":{"start":{"line":126,"column":6},"end":{"line":128,"column":7}},"39":{"start":{"line":127,"column":8},"end":{"line":127,"column":80}},"40":{"start":{"line":129,"column":6},"end":{"line":129,"column":43}},"41":{"start":{"line":131,"column":4},"end":{"line":133,"column":5}},"42":{"start":{"line":132,"column":6},"end":{"line":132,"column":41}},"43":{"start":{"line":135,"column":4},"end":{"line":143,"column":7}},"44":{"start":{"line":147,"column":17},"end":{"line":147,"column":39}},"45":{"start":{"line":149,"column":27},"end":{"line":149,"column":62}},"46":{"start":{"line":151,"column":4},"end":{"line":159,"column":7}},"47":{"start":{"line":163,"column":17},"end":{"line":163,"column":39}},"48":{"start":{"line":165,"column":4},"end":{"line":173,"column":7}},"49":{"start":{"line":177,"column":4},"end":{"line":179,"column":5}},"50":{"start":{"line":178,"column":6},"end":{"line":178,"column":76}},"51":{"start":{"line":181,"column":19},"end":{"line":184,"column":6}},"52":{"start":{"line":186,"column":4},"end":{"line":188,"column":5}},"53":{"start":{"line":187,"column":6},"end":{"line":187,"column":60}},"54":{"start":{"line":190,"column":19},"end":{"line":195,"column":6}},"55":{"start":{"line":197,"column":4},"end":{"line":201,"column":5}},"56":{"start":{"line":198,"column":6},"end":{"line":200,"column":8}},"57":{"start":{"line":203,"column":4},"end":{"line":206,"column":6}},"58":{"start":{"line":16,"column":13},"end":{"line":16,"column":30}},"59":{"start":{"line":16,"column":13},"end":{"line":208,"column":null}}},"fnMap":{"0":{"name":"(anonymous_2)","decl":{"start":{"line":17,"column":2},"end":{"line":17,"column":31}},"loc":{"start":{"line":17,"column":52},"end":{"line":17,"column":56}}},"1":{"name":"(anonymous_3)","decl":{"start":{"line":19,"column":2},"end":{"line":19,"column":7}},"loc":{"start":{"line":19,"column":15},"end":{"line":28,"column":3}}},"2":{"name":"(anonymous_4)","decl":{"start":{"line":30,"column":2},"end":{"line":30,"column":7}},"loc":{"start":{"line":30,"column":26},"end":{"line":45,"column":3}}},"3":{"name":"(anonymous_5)","decl":{"start":{"line":47,"column":2},"end":{"line":47,"column":7}},"loc":{"start":{"line":47,"column":38},"end":{"line":93,"column":3}}},"4":{"name":"(anonymous_6)","decl":{"start":{"line":95,"column":2},"end":{"line":95,"column":7}},"loc":{"start":{"line":95,"column":50},"end":{"line":144,"column":3}}},"5":{"name":"(anonymous_7)","decl":{"start":{"line":146,"column":2},"end":{"line":146,"column":7}},"loc":{"start":{"line":146,"column":57},"end":{"line":160,"column":3}}},"6":{"name":"(anonymous_8)","decl":{"start":{"line":162,"column":2},"end":{"line":162,"column":7}},"loc":{"start":{"line":162,"column":53},"end":{"line":174,"column":3}}},"7":{"name":"(anonymous_9)","decl":{"start":{"line":176,"column":2},"end":{"line":176,"column":7}},"loc":{"start":{"line":176,"column":64},"end":{"line":207,"column":3}}}},"branchMap":{"0":{"loc":{"start":{"line":40,"column":4},"end":{"line":42,"column":5}},"type":"if","locations":[{"start":{"line":40,"column":4},"end":{"line":42,"column":5}},{"start":{},"end":{}}]},"1":{"loc":{"start":{"line":53,"column":4},"end":{"line":55,"column":5}},"type":"if","locations":[{"start":{"line":53,"column":4},"end":{"line":55,"column":5}},{"start":{},"end":{}}]},"2":{"loc":{"start":{"line":53,"column":8},"end":{"line":53,"column":37}},"type":"binary-expr","locations":[{"start":{"line":53,"column":8},"end":{"line":53,"column":16}},{"start":{"line":53,"column":20},"end":{"line":53,"column":37}}]},"3":{"loc":{"start":{"line":62,"column":4},"end":{"line":64,"column":5}},"type":"if","locations":[{"start":{"line":62,"column":4},"end":{"line":64,"column":5}},{"start":{},"end":{}}]},"4":{"loc":{"start":{"line":71,"column":4},"end":{"line":73,"column":5}},"type":"if","locations":[{"start":{"line":71,"column":4},"end":{"line":73,"column":5}},{"start":{},"end":{}}]},"5":{"loc":{"start":{"line":85,"column":18},"end":{"line":85,"column":38}},"type":"binary-expr","locations":[{"start":{"line":85,"column":18},"end":{"line":85,"column":30}},{"start":{"line":85,"column":34},"end":{"line":85,"column":38}}]},"6":{"loc":{"start":{"line":99,"column":4},"end":{"line":101,"column":5}},"type":"if","locations":[{"start":{"line":99,"column":4},"end":{"line":101,"column":5}},{"start":{},"end":{}}]},"7":{"loc":{"start":{"line":99,"column":8},"end":{"line":99,"column":49}},"type":"binary-expr","locations":[{"start":{"line":99,"column":8},"end":{"line":99,"column":16}},{"start":{"line":99,"column":20},"end":{"line":99,"column":49}}]},"8":{"loc":{"start":{"line":105,"column":4},"end":{"line":105,"column":45}},"type":"if","locations":[{"start":{"line":105,"column":4},"end":{"line":105,"column":45}},{"start":{},"end":{}}]},"9":{"loc":{"start":{"line":106,"column":4},"end":{"line":115,"column":5}},"type":"if","locations":[{"start":{"line":106,"column":4},"end":{"line":115,"column":5}},{"start":{},"end":{}}]},"10":{"loc":{"start":{"line":111,"column":6},"end":{"line":113,"column":7}},"type":"if","locations":[{"start":{"line":111,"column":6},"end":{"line":113,"column":7}},{"start":{},"end":{}}]},"11":{"loc":{"start":{"line":111,"column":10},"end":{"line":111,"column":40}},"type":"binary-expr","locations":[{"start":{"line":111,"column":10},"end":{"line":111,"column":18}},{"start":{"line":111,"column":22},"end":{"line":111,"column":40}}]},"12":{"loc":{"start":{"line":116,"column":4},"end":{"line":121,"column":5}},"type":"if","locations":[{"start":{"line":116,"column":4},"end":{"line":121,"column":5}},{"start":{},"end":{}}]},"13":{"loc":{"start":{"line":120,"column":6},"end":{"line":120,"column":44}},"type":"if","locations":[{"start":{"line":120,"column":6},"end":{"line":120,"column":44}},{"start":{},"end":{}}]},"14":{"loc":{"start":{"line":122,"column":4},"end":{"line":130,"column":5}},"type":"if","locations":[{"start":{"line":122,"column":4},"end":{"line":130,"column":5}},{"start":{},"end":{}}]},"15":{"loc":{"start":{"line":126,"column":6},"end":{"line":128,"column":7}},"type":"if","locations":[{"start":{"line":126,"column":6},"end":{"line":128,"column":7}},{"start":{},"end":{}}]},"16":{"loc":{"start":{"line":126,"column":10},"end":{"line":126,"column":39}},"type":"binary-expr","locations":[{"start":{"line":126,"column":10},"end":{"line":126,"column":18}},{"start":{"line":126,"column":22},"end":{"line":126,"column":39}}]},"17":{"loc":{"start":{"line":131,"column":4},"end":{"line":133,"column":5}},"type":"if","locations":[{"start":{"line":131,"column":4},"end":{"line":133,"column":5}},{"start":{},"end":{}}]},"18":{"loc":{"start":{"line":177,"column":4},"end":{"line":179,"column":5}},"type":"if","locations":[{"start":{"line":177,"column":4},"end":{"line":179,"column":5}},{"start":{},"end":{}}]},"19":{"loc":{"start":{"line":186,"column":4},"end":{"line":188,"column":5}},"type":"if","locations":[{"start":{"line":186,"column":4},"end":{"line":188,"column":5}},{"start":{},"end":{}}]},"20":{"loc":{"start":{"line":197,"column":4},"end":{"line":201,"column":5}},"type":"if","locations":[{"start":{"line":197,"column":4},"end":{"line":201,"column":5}},{"start":{},"end":{}}]}},"s":{"0":1,"1":1,"2":1,"3":1,"4":11,"5":0,"6":0,"7":0,"8":0,"9":0,"10":0,"11":0,"12":0,"13":0,"14":0,"15":0,"16":0,"17":0,"18":0,"19":0,"20":0,"21":0,"22":0,"23":0,"24":0,"25":0,"26":0,"27":0,"28":0,"29":0,"30":0,"31":0,"32":0,"33":0,"34":0,"35":0,"36":0,"37":0,"38":0,"39":0,"40":0,"41":0,"42":0,"43":0,"44":0,"45":0,"46":0,"47":0,"48":0,"49":11,"50":1,"51":10,"52":10,"53":1,"54":9,"55":8,"56":3,"57":5,"58":1,"59":1},"f":{"0":11,"1":0,"2":0,"3":0,"4":0,"5":0,"6":0,"7":11},"b":{"0":[0,0],"1":[0,0],"2":[0,0],"3":[0,0],"4":[0,0],"5":[0,0],"6":[0,0],"7":[0,0],"8":[0,0],"9":[0,0],"10":[0,0],"11":[0,0],"12":[0,0],"13":[0,0],"14":[0,0],"15":[0,0],"16":[0,0],"17":[0,0],"18":[1,10],"19":[1,9],"20":[3,5]}}
,"/Users/davidpenagosmejia/Desktop/mimo-regalostestNV/mimo-regalostestv4/backend/src/auth/auth.controller.ts": {"path":"/Users/davidpenagosmejia/Desktop/mimo-regalostestNV/mimo-regalostestv4/backend/src/auth/auth.controller.ts","statementMap":{"0":{"start":{"line":1,"column":0},"end":{"line":1,"column":null}},"1":{"start":{"line":13,"column":0},"end":{"line":13,"column":45}},"2":{"start":{"line":14,"column":0},"end":{"line":14,"column":45}},"3":{"start":{"line":15,"column":0},"end":{"line":15,"column":43}},"4":{"start":{"line":16,"column":0},"end":{"line":16,"column":55}},"5":{"start":{"line":18,"column":0},"end":{"line":18,"column":84}},"6":{"start":{"line":19,"column":0},"end":{"line":19,"column":101}},"7":{"start":{"line":22,"column":7},"end":{"line":61,"column":null}},"8":{"start":{"line":23,"column":31},"end":{"line":23,"column":44}},"9":{"start":{"line":30,"column":4},"end":{"line":30,"column":39}},"10":{"start":{"line":38,"column":17},"end":{"line":38,"column":null}},"11":{"start":{"line":47,"column":25},"end":{"line":47,"column":67}},"12":{"start":{"line":48,"column":4},"end":{"line":50,"column":5}},"13":{"start":{"line":49,"column":6},"end":{"line":49,"column":55}},"14":{"start":{"line":52,"column":4},"end":{"line":59,"column":6}},"15":{"start":{"line":22,"column":13},"end":{"line":22,"column":27}},"16":{"start":{"line":29,"column":8},"end":{"line":31,"column":null}},"17":{"start":{"line":37,"column":2},"end":{"line":60,"column":null}},"18":{"start":{"line":22,"column":13},"end":{"line":61,"column":null}}},"fnMap":{"0":{"name":"(anonymous_4)","decl":{"start":{"line":23,"column":2},"end":{"line":23,"column":31}},"loc":{"start":{"line":23,"column":55},"end":{"line":23,"column":59}}},"1":{"name":"(anonymous_5)","decl":{"start":{"line":29,"column":8},"end":{"line":29,"column":13}},"loc":{"start":{"line":29,"column":35},"end":{"line":31,"column":3}}},"2":{"name":"(anonymous_6)","decl":{"start":{"line":37,"column":2},"end":{"line":37,"column":12}},"loc":{"start":{"line":37,"column":32},"end":{"line":60,"column":3}}}},"branchMap":{"0":{"loc":{"start":{"line":48,"column":4},"end":{"line":50,"column":5}},"type":"if","locations":[{"start":{"line":48,"column":4},"end":{"line":50,"column":5}},{"start":{},"end":{}}]},"1":{"loc":{"start":{"line":58,"column":15},"end":{"line":58,"column":35}},"type":"binary-expr","locations":[{"start":{"line":58,"column":15},"end":{"line":58,"column":27}},{"start":{"line":58,"column":31},"end":{"line":58,"column":35}}]}},"s":{"0":1,"1":1,"2":1,"3":1,"4":1,"5":1,"6":1,"7":1,"8":6,"9":0,"10":6,"11":6,"12":6,"13":1,"14":5,"15":1,"16":1,"17":1,"18":1},"f":{"0":6,"1":0,"2":6},"b":{"0":[1,5],"1":[5,2]}}
,"/Users/davidpenagosmejia/Desktop/mimo-regalostestNV/mimo-regalostestv4/backend/src/auth/auth.service.ts": {"path":"/Users/davidpenagosmejia/Desktop/mimo-regalostestNV/mimo-regalostestv4/backend/src/auth/auth.service.ts","statementMap":{"0":{"start":{"line":1,"column":0},"end":{"line":1,"column":87}},"1":{"start":{"line":2,"column":0},"end":{"line":2,"column":41}},"2":{"start":{"line":3,"column":0},"end":{"line":3,"column":33}},"3":{"start":{"line":4,"column":0},"end":{"line":4,"column":57}},"4":{"start":{"line":8,"column":7},"end":{"line":111,"column":null}},"5":{"start":{"line":10,"column":21},"end":{"line":10,"column":29}},"6":{"start":{"line":11,"column":21},"end":{"line":11,"column":33}},"7":{"start":{"line":15,"column":17},"end":{"line":27,"column":6}},"8":{"start":{"line":29,"column":4},"end":{"line":31,"column":5}},"9":{"start":{"line":30,"column":6},"end":{"line":30,"column":65}},"10":{"start":{"line":33,"column":26},"end":{"line":33,"column":75}},"11":{"start":{"line":34,"column":4},"end":{"line":36,"column":5}},"12":{"start":{"line":35,"column":6},"end":{"line":35,"column":65}},"13":{"start":{"line":38,"column":20},"end":{"line":43,"column":6}},"14":{"start":{"line":45,"column":24},"end":{"line":45,"column":53}},"15":{"start":{"line":47,"column":4},"end":{"line":57,"column":6}},"16":{"start":{"line":61,"column":17},"end":{"line":73,"column":6}},"17":{"start":{"line":75,"column":4},"end":{"line":77,"column":5}},"18":{"start":{"line":76,"column":6},"end":{"line":76,"column":64}},"19":{"start":{"line":79,"column":4},"end":{"line":81,"column":5}},"20":{"start":{"line":80,"column":6},"end":{"line":80,"column":69}},"21":{"start":{"line":84,"column":25},"end":{"line":84,"column":67}},"22":{"start":{"line":85,"column":4},"end":{"line":87,"column":5}},"23":{"start":{"line":86,"column":6},"end":{"line":86,"column":55}},"24":{"start":{"line":89,"column":4},"end":{"line":96,"column":6}},"25":{"start":{"line":100,"column":17},"end":{"line":103,"column":6}},"26":{"start":{"line":105,"column":4},"end":{"line":107,"column":5}},"27":{"start":{"line":106,"column":6},"end":{"line":106,"column":18}},"28":{"start":{"line":109,"column":4},"end":{"line":109,"column":16}},"29":{"start":{"line":8,"column":13},"end":{"line":8,"column":24}},"30":{"start":{"line":8,"column":13},"end":{"line":111,"column":null}}},"fnMap":{"0":{"name":"(anonymous_2)","decl":{"start":{"line":9,"column":2},"end":{"line":9,"column":null}},"loc":{"start":{"line":11,"column":43},"end":{"line":12,"column":6}}},"1":{"name":"(anonymous_3)","decl":{"start":{"line":14,"column":2},"end":{"line":14,"column":7}},"loc":{"start":{"line":14,"column":27},"end":{"line":58,"column":3}}},"2":{"name":"(anonymous_4)","decl":{"start":{"line":60,"column":2},"end":{"line":60,"column":7}},"loc":{"start":{"line":60,"column":33},"end":{"line":97,"column":3}}},"3":{"name":"(anonymous_5)","decl":{"start":{"line":99,"column":2},"end":{"line":99,"column":7}},"loc":{"start":{"line":99,"column":35},"end":{"line":110,"column":3}}}},"branchMap":{"0":{"loc":{"start":{"line":29,"column":4},"end":{"line":31,"column":5}},"type":"if","locations":[{"start":{"line":29,"column":4},"end":{"line":31,"column":5}},{"start":{},"end":{}}]},"1":{"loc":{"start":{"line":29,"column":8},"end":{"line":29,"column":31}},"type":"binary-expr","locations":[{"start":{"line":29,"column":8},"end":{"line":29,"column":13}},{"start":{"line":29,"column":17},"end":{"line":29,"column":31}}]},"2":{"loc":{"start":{"line":34,"column":4},"end":{"line":36,"column":5}},"type":"if","locations":[{"start":{"line":34,"column":4},"end":{"line":36,"column":5}},{"start":{},"end":{}}]},"3":{"loc":{"start":{"line":75,"column":4},"end":{"line":77,"column":5}},"type":"if","locations":[{"start":{"line":75,"column":4},"end":{"line":77,"column":5}},{"start":{},"end":{}}]},"4":{"loc":{"start":{"line":79,"column":4},"end":{"line":81,"column":5}},"type":"if","locations":[{"start":{"line":79,"column":4},"end":{"line":81,"column":5}},{"start":{},"end":{}}]},"5":{"loc":{"start":{"line":85,"column":4},"end":{"line":87,"column":5}},"type":"if","locations":[{"start":{"line":85,"column":4},"end":{"line":87,"column":5}},{"start":{},"end":{}}]},"6":{"loc":{"start":{"line":105,"column":4},"end":{"line":107,"column":5}},"type":"if","locations":[{"start":{"line":105,"column":4},"end":{"line":107,"column":5}},{"start":{},"end":{}}]},"7":{"loc":{"start":{"line":105,"column":8},"end":{"line":105,"column":31}},"type":"binary-expr","locations":[{"start":{"line":105,"column":8},"end":{"line":105,"column":13}},{"start":{"line":105,"column":17},"end":{"line":105,"column":31}}]}},"s":{"0":1,"1":1,"2":1,"3":1,"4":1,"5":0,"6":0,"7":0,"8":0,"9":0,"10":0,"11":0,"12":0,"13":0,"14":0,"15":0,"16":0,"17":0,"18":0,"19":0,"20":0,"21":0,"22":0,"23":0,"24":0,"25":0,"26":0,"27":0,"28":0,"29":1,"30":1},"f":{"0":0,"1":0,"2":0,"3":0},"b":{"0":[0,0],"1":[0,0],"2":[0,0],"3":[0,0],"4":[0,0],"5":[0,0],"6":[0,0],"7":[0,0]}}
,"/Users/davidpenagosmejia/Desktop/mimo-regalostestNV/mimo-regalostestv4/backend/src/auth/dto/login.dto.ts": {"path":"/Users/davidpenagosmejia/Desktop/mimo-regalostestNV/mimo-regalostestv4/backend/src/auth/dto/login.dto.ts","statementMap":{"0":{"start":{"line":1,"column":0},"end":{"line":1,"column":63}},"1":{"start":{"line":3,"column":0},"end":{"line":3,"column":13}},"2":{"start":{"line":5,"column":2},"end":{"line":5,"column":null}},"3":{"start":{"line":9,"column":2},"end":{"line":9,"column":null}}},"fnMap":{},"branchMap":{},"s":{"0":1,"1":1,"2":1,"3":1},"f":{},"b":{}}
,"/Users/davidpenagosmejia/Desktop/mimo-regalostestNV/mimo-regalostestv4/backend/src/auth/guards/jwt-auth.guard.ts": {"path":"/Users/davidpenagosmejia/Desktop/mimo-regalostestNV/mimo-regalostestv4/backend/src/auth/guards/jwt-auth.guard.ts","statementMap":{"0":{"start":{"line":1,"column":0},"end":{"line":1,"column":62}},"1":{"start":{"line":2,"column":0},"end":{"line":2,"column":45}},"2":{"start":{"line":5,"column":7},"end":{"line":9,"column":null}},"3":{"start":{"line":7,"column":4},"end":{"line":7,"column":38}},"4":{"start":{"line":5,"column":13},"end":{"line":5,"column":25}},"5":{"start":{"line":5,"column":13},"end":{"line":9,"column":null}}},"fnMap":{"0":{"name":"(anonymous_1)","decl":{"start":{"line":6,"column":2},"end":{"line":6,"column":13}},"loc":{"start":{"line":6,"column":39},"end":{"line":8,"column":3}}}},"branchMap":{},"s":{"0":1,"1":1,"2":1,"3":0,"4":1,"5":1},"f":{"0":0},"b":{}}
,"/Users/davidpenagosmejia/Desktop/mimo-regalostestNV/mimo-regalostestv4/backend/src/auth/strategies/jwt.strategy.ts": {"path":"/Users/davidpenagosmejia/Desktop/mimo-regalostestNV/mimo-regalostestv4/backend/src/auth/strategies/jwt.strategy.ts","statementMap":{"0":{"start":{"line":1,"column":0},"end":{"line":1,"column":67}},"1":{"start":{"line":2,"column":0},"end":{"line":2,"column":52}},"2":{"start":{"line":3,"column":0},"end":{"line":3,"column":52}},"3":{"start":{"line":4,"column":0},"end":{"line":4,"column":72}},"4":{"start":{"line":5,"column":0},"end":{"line":5,"column":60}},"5":{"start":{"line":8,"column":7},"end":{"line":43,"column":null}},"6":{"start":{"line":10,"column":4},"end":{"line":14,"column":7}},"7":{"start":{"line":9,"column":31},"end":{"line":9,"column":39}},"8":{"start":{"line":20,"column":17},"end":{"line":28,"column":6}},"9":{"start":{"line":30,"column":4},"end":{"line":32,"column":5}},"10":{"start":{"line":31,"column":6},"end":{"line":31,"column":79}},"11":{"start":{"line":34,"column":4},"end":{"line":41,"column":6}},"12":{"start":{"line":8,"column":13},"end":{"line":8,"column":24}},"13":{"start":{"line":8,"column":13},"end":{"line":43,"column":null}}},"fnMap":{"0":{"name":"(anonymous_2)","decl":{"start":{"line":9,"column":2},"end":{"line":9,"column":31}},"loc":{"start":{"line":9,"column":52},"end":{"line":15,"column":3}}},"1":{"name":"(anonymous_3)","decl":{"start":{"line":17,"column":2},"end":{"line":17,"column":7}},"loc":{"start":{"line":17,"column":90},"end":{"line":42,"column":3}}}},"branchMap":{"0":{"loc":{"start":{"line":30,"column":4},"end":{"line":32,"column":5}},"type":"if","locations":[{"start":{"line":30,"column":4},"end":{"line":32,"column":5}},{"start":{},"end":{}}]},"1":{"loc":{"start":{"line":30,"column":8},"end":{"line":30,"column":31}},"type":"binary-expr","locations":[{"start":{"line":30,"column":8},"end":{"line":30,"column":13}},{"start":{"line":30,"column":17},"end":{"line":30,"column":31}}]}},"s":{"0":1,"1":1,"2":1,"3":1,"4":1,"5":1,"6":5,"7":5,"8":5,"9":5,"10":2,"11":3,"12":1,"13":1},"f":{"0":5,"1":5},"b":{"0":[2,3],"1":[5,4]}}
,"/Users/davidpenagosmejia/Desktop/mimo-regalostestNV/mimo-regalostestv4/backend/src/beneficiaries/dto/beneficiary-query.dto.ts": {"path":"/Users/davidpenagosmejia/Desktop/mimo-regalostestNV/mimo-regalostestv4/backend/src/beneficiaries/dto/beneficiary-query.dto.ts","statementMap":{"0":{"start":{"line":1,"column":0},"end":{"line":1,"column":97}},"1":{"start":{"line":2,"column":0},"end":{"line":2,"column":41}},"2":{"start":{"line":3,"column":0},"end":{"line":3,"column":40}},"3":{"start":{"line":5,"column":0},"end":{"line":5,"column":13}},"4":{"start":{"line":8,"column":2},"end":{"line":8,"column":null}},"5":{"start":{"line":13,"column":2},"end":{"line":13,"column":null}},"6":{"start":{"line":11,"column":14},"end":{"line":11,"column":20}},"7":{"start":{"line":18,"column":2},"end":{"line":18,"column":null}},"8":{"start":{"line":16,"column":14},"end":{"line":16,"column":20}},"9":{"start":{"line":22,"column":2},"end":{"line":22,"column":null}},"10":{"start":{"line":26,"column":2},"end":{"line":26,"column":null}},"11":{"start":{"line":32,"column":2},"end":{"line":32,"column":null}},"12":{"start":{"line":29,"column":14},"end":{"line":29,"column":20}},"13":{"start":{"line":39,"column":2},"end":{"line":39,"column":null}},"14":{"start":{"line":35,"column":14},"end":{"line":35,"column":20}}},"fnMap":{"0":{"name":"(anonymous_2)","decl":{"start":{"line":11,"column":8},"end":{"line":11,"column":11}},"loc":{"start":{"line":11,"column":14},"end":{"line":11,"column":20}}},"1":{"name":"(anonymous_3)","decl":{"start":{"line":16,"column":8},"end":{"line":16,"column":11}},"loc":{"start":{"line":16,"column":14},"end":{"line":16,"column":20}}},"2":{"name":"(anonymous_4)","decl":{"start":{"line":29,"column":8},"end":{"line":29,"column":11}},"loc":{"start":{"line":29,"column":14},"end":{"line":29,"column":20}}},"3":{"name":"(anonymous_5)","decl":{"start":{"line":35,"column":8},"end":{"line":35,"column":11}},"loc":{"start":{"line":35,"column":14},"end":{"line":35,"column":20}}}},"branchMap":{},"s":{"0":1,"1":1,"2":1,"3":1,"4":1,"5":1,"6":0,"7":1,"8":0,"9":1,"10":1,"11":1,"12":2,"13":1,"14":2},"f":{"0":0,"1":0,"2":2,"3":2},"b":{}}
,"/Users/davidpenagosmejia/Desktop/mimo-regalostestNV/mimo-regalostestv4/backend/src/common/config/env.ts": {"path":"/Users/davidpenagosmejia/Desktop/mimo-regalostestNV/mimo-regalostestv4/backend/src/common/config/env.ts","statementMap":{"0":{"start":{"line":7,"column":0},"end":{"line":7,"column":16}},"1":{"start":{"line":18,"column":0},"end":{"line":18,"column":16}},"2":{"start":{"line":8,"column":16},"end":{"line":8,"column":33}},"3":{"start":{"line":9,"column":2},"end":{"line":14,"column":3}},"4":{"start":{"line":10,"column":4},"end":{"line":13,"column":6}},"5":{"start":{"line":15,"column":2},"end":{"line":15,"column":15}},"6":{"start":{"line":19,"column":16},"end":{"line":19,"column":33}},"7":{"start":{"line":20,"column":2},"end":{"line":20,"column":54}},"8":{"start":{"line":24,"column":13},"end":{"line":24,"column":36}}},"fnMap":{"0":{"name":"requireEnv","decl":{"start":{"line":7,"column":16},"end":{"line":7,"column":26}},"loc":{"start":{"line":7,"column":54},"end":{"line":16,"column":1}}},"1":{"name":"optionalEnv","decl":{"start":{"line":18,"column":16},"end":{"line":18,"column":27}},"loc":{"start":{"line":18,"column":58},"end":{"line":21,"column":1}}}},"branchMap":{"0":{"loc":{"start":{"line":7,"column":41},"end":{"line":7,"column":54}},"type":"default-arg","locations":[{"start":{"line":7,"column":53},"end":{"line":7,"column":54}}]},"1":{"loc":{"start":{"line":9,"column":2},"end":{"line":14,"column":3}},"type":"if","locations":[{"start":{"line":9,"column":2},"end":{"line":14,"column":3}},{"start":{},"end":{}}]},"2":{"loc":{"start":{"line":9,"column":6},"end":{"line":9,"column":40}},"type":"binary-expr","locations":[{"start":{"line":9,"column":6},"end":{"line":9,"column":12}},{"start":{"line":9,"column":16},"end":{"line":9,"column":40}}]},"3":{"loc":{"start":{"line":20,"column":9},"end":{"line":20,"column":53}},"type":"cond-expr","locations":[{"start":{"line":20,"column":37},"end":{"line":20,"column":42}},{"start":{"line":20,"column":45},"end":{"line":20,"column":53}}]},"4":{"loc":{"start":{"line":20,"column":9},"end":{"line":20,"column":34}},"type":"binary-expr","locations":[{"start":{"line":20,"column":9},"end":{"line":20,"column":14}},{"start":{"line":20,"column":18},"end":{"line":20,"column":34}}]}},"s":{"0":2,"1":2,"2":5,"3":5,"4":0,"5":5,"6":0,"7":0,"8":2},"f":{"0":5,"1":0},"b":{"0":[0],"1":[0,5],"2":[5,5],"3":[0,0],"4":[0,0]}}
,"/Users/davidpenagosmejia/Desktop/mimo-regalostestNV/mimo-regalostestv4/backend/src/common/decorators/roles.decorator.ts": {"path":"/Users/davidpenagosmejia/Desktop/mimo-regalostestNV/mimo-regalostestv4/backend/src/common/decorators/roles.decorator.ts","statementMap":{"0":{"start":{"line":1,"column":0},"end":{"line":1,"column":45}},"1":{"start":{"line":3,"column":13},"end":{"line":3,"column":33}},"2":{"start":{"line":4,"column":21},"end":{"line":4,"column":74}},"3":{"start":{"line":4,"column":45},"end":{"line":4,"column":74}},"4":{"start":{"line":4,"column":13},"end":{"line":4,"column":21}}},"fnMap":{"0":{"name":"(anonymous_0)","decl":{"start":{"line":4,"column":21},"end":{"line":4,"column":22}},"loc":{"start":{"line":4,"column":45},"end":{"line":4,"column":74}}}},"branchMap":{},"s":{"0":2,"1":2,"2":2,"3":0,"4":2},"f":{"0":0},"b":{}}
,"/Users/davidpenagosmejia/Desktop/mimo-regalostestNV/mimo-regalostestv4/backend/src/common/decorators/track-performance.decorator.ts": {"path":"/Users/davidpenagosmejia/Desktop/mimo-regalostestNV/mimo-regalostestv4/backend/src/common/decorators/track-performance.decorator.ts","statementMap":{"0":{"start":{"line":5,"column":0},"end":{"line":5,"column":16}},"1":{"start":{"line":1,"column":0},"end":{"line":1,"column":45}},"2":{"start":{"line":3,"column":13},"end":{"line":3,"column":57}},"3":{"start":{"line":6,"column":2},"end":{"line":6,"column":55}}},"fnMap":{"0":{"name":"TrackPerformance","decl":{"start":{"line":5,"column":16},"end":{"line":5,"column":32}},"loc":{"start":{"line":5,"column":50},"end":{"line":7,"column":1}}}},"branchMap":{},"s":{"0":2,"1":2,"2":2,"3":1},"f":{"0":1},"b":{}}
,"/Users/davidpenagosmejia/Desktop/mimo-regalostestNV/mimo-regalostestv4/backend/src/common/filters/http-exception.filter.ts": {"path":"/Users/davidpenagosmejia/Desktop/mimo-regalostestNV/mimo-regalostestv4/backend/src/common/filters/http-exception.filter.ts","statementMap":{"0":{"start":{"line":1,"column":0},"end":{"line":1,"column":null}},"1":{"start":{"line":9,"column":0},"end":{"line":9,"column":40}},"2":{"start":{"line":13,"column":32},"end":{"line":82,"column":null}},"3":{"start":{"line":14,"column":28},"end":{"line":14,"column":64}},"4":{"start":{"line":17,"column":16},"end":{"line":17,"column":35}},"5":{"start":{"line":18,"column":21},"end":{"line":18,"column":48}},"6":{"start":{"line":19,"column":20},"end":{"line":19,"column":45}},"7":{"start":{"line":21,"column":17},"end":{"line":21,"column":49}},"8":{"start":{"line":22,"column":18},"end":{"line":22,"column":47}},"9":{"start":{"line":24,"column":4},"end":{"line":73,"column":5}},"10":{"start":{"line":25,"column":6},"end":{"line":25,"column":37}},"11":{"start":{"line":26,"column":27},"end":{"line":26,"column":50}},"12":{"start":{"line":27,"column":6},"end":{"line":30,"column":63}},"13":{"start":{"line":31,"column":11},"end":{"line":73,"column":5}},"14":{"start":{"line":32,"column":6},"end":{"line":35,"column":8}},"15":{"start":{"line":37,"column":30},"end":{"line":49,"column":8}},"16":{"start":{"line":51,"column":6},"end":{"line":67,"column":7}},"17":{"start":{"line":52,"column":8},"end":{"line":52,"column":37}},"18":{"start":{"line":53,"column":8},"end":{"line":53,"column":59}},"19":{"start":{"line":54,"column":13},"end":{"line":67,"column":7}},"20":{"start":{"line":55,"column":8},"end":{"line":55,"column":38}},"21":{"start":{"line":56,"column":8},"end":{"line":56,"column":54}},"22":{"start":{"line":57,"column":13},"end":{"line":67,"column":7}},"23":{"start":{"line":58,"column":8},"end":{"line":58,"column":40}},"24":{"start":{"line":59,"column":8},"end":{"line":59,"column":54}},"25":{"start":{"line":60,"column":13},"end":{"line":67,"column":7}},"26":{"start":{"line":61,"column":8},"end":{"line":61,"column":48}},"27":{"start":{"line":62,"column":8},"end":{"line":63,"column":70}},"28":{"start":{"line":65,"column":8},"end":{"line":65,"column":50}},"29":{"start":{"line":66,"column":8},"end":{"line":66,"column":48}},"30":{"start":{"line":68,"column":11},"end":{"line":73,"column":5}},"31":{"start":{"line":69,"column":6},"end":{"line":72,"column":8}},"32":{"start":{"line":75,"column":4},"end":{"line":80,"column":7}},"33":{"start":{"line":13,"column":13},"end":{"line":13,"column":32}},"34":{"start":{"line":13,"column":13},"end":{"line":82,"column":null}}},"fnMap":{"0":{"name":"(anonymous_1)","decl":{"start":{"line":16,"column":2},"end":{"line":16,"column":7}},"loc":{"start":{"line":16,"column":47},"end":{"line":81,"column":3}}}},"branchMap":{"0":{"loc":{"start":{"line":24,"column":4},"end":{"line":73,"column":5}},"type":"if","locations":[{"start":{"line":24,"column":4},"end":{"line":73,"column":5}},{"start":{"line":31,"column":11},"end":{"line":73,"column":5}}]},"1":{"loc":{"start":{"line":28,"column":8},"end":{"line":30,"column":62}},"type":"cond-expr","locations":[{"start":{"line":29,"column":12},"end":{"line":29,"column":24}},{"start":{"line":30,"column":13},"end":{"line":30,"column":62}}]},"2":{"loc":{"start":{"line":30,"column":13},"end":{"line":30,"column":62}},"type":"binary-expr","locations":[{"start":{"line":30,"column":13},"end":{"line":30,"column":41}},{"start":{"line":30,"column":45},"end":{"line":30,"column":62}}]},"3":{"loc":{"start":{"line":31,"column":11},"end":{"line":73,"column":5}},"type":"if","locations":[{"start":{"line":31,"column":11},"end":{"line":73,"column":5}},{"start":{"line":68,"column":11},"end":{"line":73,"column":5}}]},"4":{"loc":{"start":{"line":51,"column":6},"end":{"line":67,"column":7}},"type":"if","locations":[{"start":{"line":51,"column":6},"end":{"line":67,"column":7}},{"start":{"line":54,"column":13},"end":{"line":67,"column":7}}]},"5":{"loc":{"start":{"line":54,"column":13},"end":{"line":67,"column":7}},"type":"if","locations":[{"start":{"line":54,"column":13},"end":{"line":67,"column":7}},{"start":{"line":57,"column":13},"end":{"line":67,"column":7}}]},"6":{"loc":{"start":{"line":57,"column":13},"end":{"line":67,"column":7}},"type":"if","locations":[{"start":{"line":57,"column":13},"end":{"line":67,"column":7}},{"start":{"line":60,"column":13},"end":{"line":67,"column":7}}]},"7":{"loc":{"start":{"line":60,"column":13},"end":{"line":67,"column":7}},"type":"if","locations":[{"start":{"line":60,"column":13},"end":{"line":67,"column":7}},{"start":{"line":64,"column":13},"end":{"line":67,"column":7}}]},"8":{"loc":{"start":{"line":68,"column":11},"end":{"line":73,"column":5}},"type":"if","locations":[{"start":{"line":68,"column":11},"end":{"line":73,"column":5}},{"start":{},"end":{}}]},"9":{"loc":{"start":{"line":77,"column":15},"end":{"line":77,"column":59}},"type":"cond-expr","locations":[{"start":{"line":77,"column":40},"end":{"line":77,"column":47}},{"start":{"line":77,"column":50},"end":{"line":77,"column":59}}]}},"s":{"0":1,"1":1,"2":1,"3":13,"4":13,"5":13,"6":13,"7":13,"8":13,"9":13,"10":2,"11":2,"12":2,"13":11,"14":10,"15":10,"16":10,"17":2,"18":2,"19":8,"20":1,"21":1,"22":7,"23":3,"24":3,"25":4,"26":3,"27":3,"28":1,"29":1,"30":1,"31":1,"32":13,"33":1,"34":1},"f":{"0":13},"b":{"0":[2,11],"1":[1,1],"2":[1,0],"3":[10,1],"4":[2,8],"5":[1,7],"6":[3,4],"7":[3,1],"8":[1,0],"9":[0,13]}}
,"/Users/davidpenagosmejia/Desktop/mimo-regalostestNV/mimo-regalostestv4/backend/src/common/guards/roles.guard.ts": {"path":"/Users/davidpenagosmejia/Desktop/mimo-regalostestNV/mimo-regalostestv4/backend/src/common/guards/roles.guard.ts","statementMap":{"0":{"start":{"line":1,"column":0},"end":{"line":1,"column":75}},"1":{"start":{"line":2,"column":0},"end":{"line":2,"column":41}},"2":{"start":{"line":3,"column":0},"end":{"line":3,"column":58}},"3":{"start":{"line":6,"column":7},"end":{"line":29,"column":null}},"4":{"start":{"line":7,"column":31},"end":{"line":7,"column":42}},"5":{"start":{"line":10,"column":26},"end":{"line":13,"column":6}},"6":{"start":{"line":15,"column":4},"end":{"line":17,"column":5}},"7":{"start":{"line":16,"column":6},"end":{"line":16,"column":18}},"8":{"start":{"line":19,"column":21},"end":{"line":19,"column":56}},"9":{"start":{"line":22,"column":4},"end":{"line":24,"column":5}},"10":{"start":{"line":23,"column":6},"end":{"line":23,"column":18}},"11":{"start":{"line":27,"column":4},"end":{"line":27,"column":46}},"12":{"start":{"line":6,"column":13},"end":{"line":6,"column":23}},"13":{"start":{"line":6,"column":13},"end":{"line":29,"column":null}}},"fnMap":{"0":{"name":"(anonymous_2)","decl":{"start":{"line":7,"column":2},"end":{"line":7,"column":31}},"loc":{"start":{"line":7,"column":51},"end":{"line":7,"column":55}}},"1":{"name":"(anonymous_3)","decl":{"start":{"line":9,"column":2},"end":{"line":9,"column":13}},"loc":{"start":{"line":9,"column":39},"end":{"line":28,"column":3}}}},"branchMap":{"0":{"loc":{"start":{"line":15,"column":4},"end":{"line":17,"column":5}},"type":"if","locations":[{"start":{"line":15,"column":4},"end":{"line":17,"column":5}},{"start":{},"end":{}}]},"1":{"loc":{"start":{"line":15,"column":8},"end":{"line":15,"column":52}},"type":"binary-expr","locations":[{"start":{"line":15,"column":8},"end":{"line":15,"column":22}},{"start":{"line":15,"column":26},"end":{"line":15,"column":52}}]},"2":{"loc":{"start":{"line":22,"column":4},"end":{"line":24,"column":5}},"type":"if","locations":[{"start":{"line":22,"column":4},"end":{"line":24,"column":5}},{"start":{},"end":{}}]}},"s":{"0":2,"1":2,"2":2,"3":2,"4":13,"5":13,"6":13,"7":2,"8":11,"9":11,"10":2,"11":9,"12":2,"13":2},"f":{"0":13,"1":13},"b":{"0":[2,11],"1":[13,12],"2":[2,9]}}
,"/Users/davidpenagosmejia/Desktop/mimo-regalostestNV/mimo-regalostestv4/backend/src/common/interceptors/performance-timing.interceptor.ts": {"path":"/Users/davidpenagosmejia/Desktop/mimo-regalostestNV/mimo-regalostestv4/backend/src/common/interceptors/performance-timing.interceptor.ts","statementMap":{"0":{"start":{"line":1,"column":0},"end":{"line":1,"column":null}},"1":{"start":{"line":9,"column":0},"end":{"line":9,"column":41}},"2":{"start":{"line":10,"column":0},"end":{"line":10,"column":46}},"3":{"start":{"line":11,"column":0},"end":{"line":11,"column":49}},"4":{"start":{"line":12,"column":0},"end":{"line":12,"column":82}},"5":{"start":{"line":16,"column":7},"end":{"line":168,"column":null}},"6":{"start":{"line":17,"column":28},"end":{"line":17,"column":59}},"7":{"start":{"line":20,"column":31},"end":{"line":20,"column":42}},"8":{"start":{"line":21,"column":16},"end":{"line":21,"column":68}},"9":{"start":{"line":22,"column":4},"end":{"line":22,"column":60}},"10":{"start":{"line":26,"column":4},"end":{"line":28,"column":5}},"11":{"start":{"line":27,"column":6},"end":{"line":27,"column":27}},"12":{"start":{"line":30,"column":22},"end":{"line":32,"column":null}},"13":{"start":{"line":35,"column":4},"end":{"line":37,"column":5}},"14":{"start":{"line":36,"column":6},"end":{"line":36,"column":27}},"15":{"start":{"line":39,"column":20},"end":{"line":39,"column":64}},"16":{"start":{"line":40,"column":19},"end":{"line":40,"column":33}},"17":{"start":{"line":41,"column":16},"end":{"line":41,"column":56}},"18":{"start":{"line":42,"column":28},"end":{"line":42,"column":45}},"19":{"start":{"line":44,"column":15},"end":{"line":44,"column":38}},"20":{"start":{"line":46,"column":4},"end":{"line":94,"column":6}},"21":{"start":{"line":48,"column":27},"end":{"line":48,"column":63}},"22":{"start":{"line":49,"column":27},"end":{"line":49,"column":75}},"23":{"start":{"line":50,"column":25},"end":{"line":50,"column":71}},"24":{"start":{"line":51,"column":27},"end":{"line":51,"column":46}},"25":{"start":{"line":53,"column":21},"end":{"line":56,"column":null}},"26":{"start":{"line":59,"column":8},"end":{"line":71,"column":10}},"27":{"start":{"line":74,"column":27},"end":{"line":74,"column":63}},"28":{"start":{"line":75,"column":27},"end":{"line":75,"column":75}},"29":{"start":{"line":77,"column":10},"end":{"line":77,"column":62}},"30":{"start":{"line":79,"column":8},"end":{"line":90,"column":10}},"31":{"start":{"line":92,"column":8},"end":{"line":92,"column":37}},"32":{"start":{"line":92,"column":32},"end":{"line":92,"column":35}},"33":{"start":{"line":102,"column":38},"end":{"line":102,"column":40}},"34":{"start":{"line":104,"column":28},"end":{"line":108,"column":25}},"35":{"start":{"line":110,"column":4},"end":{"line":135,"column":5}},"36":{"start":{"line":111,"column":25},"end":{"line":111,"column":44}},"37":{"start":{"line":113,"column":6},"end":{"line":116,"column":7}},"38":{"start":{"line":114,"column":21},"end":{"line":114,"column":39}},"39":{"start":{"line":115,"column":8},"end":{"line":115,"column":52}},"40":{"start":{"line":115,"column":35},"end":{"line":115,"column":52}},"41":{"start":{"line":117,"column":6},"end":{"line":120,"column":7}},"42":{"start":{"line":118,"column":25},"end":{"line":118,"column":47}},"43":{"start":{"line":119,"column":8},"end":{"line":119,"column":64}},"44":{"start":{"line":119,"column":39},"end":{"line":119,"column":64}},"45":{"start":{"line":122,"column":6},"end":{"line":122,"column":71}},"46":{"start":{"line":123,"column":6},"end":{"line":123,"column":50}},"47":{"start":{"line":124,"column":6},"end":{"line":124,"column":77}},"48":{"start":{"line":126,"column":6},"end":{"line":134,"column":7}},"49":{"start":{"line":131,"column":8},"end":{"line":131,"column":52}},"50":{"start":{"line":132,"column":13},"end":{"line":134,"column":7}},"51":{"start":{"line":133,"column":8},"end":{"line":133,"column":47}},"52":{"start":{"line":137,"column":4},"end":{"line":141,"column":5}},"53":{"start":{"line":138,"column":6},"end":{"line":140,"column":7}},"54":{"start":{"line":139,"column":8},"end":{"line":139,"column":47}},"55":{"start":{"line":143,"column":4},"end":{"line":158,"column":5}},"56":{"start":{"line":144,"column":6},"end":{"line":157,"column":7}},"57":{"start":{"line":145,"column":24},"end":{"line":151,"column":10}},"58":{"start":{"line":152,"column":8},"end":{"line":156,"column":9}},"59":{"start":{"line":153,"column":10},"end":{"line":155,"column":11}},"60":{"start":{"line":154,"column":12},"end":{"line":154,"column":42}},"61":{"start":{"line":160,"column":4},"end":{"line":164,"column":5}},"62":{"start":{"line":161,"column":6},"end":{"line":163,"column":7}},"63":{"start":{"line":162,"column":8},"end":{"line":162,"column":49}},"64":{"start":{"line":166,"column":4},"end":{"line":166,"column":16}},"65":{"start":{"line":16,"column":13},"end":{"line":16,"column":41}},"66":{"start":{"line":16,"column":13},"end":{"line":168,"column":null}}},"fnMap":{"0":{"name":"(anonymous_2)","decl":{"start":{"line":20,"column":2},"end":{"line":20,"column":31}},"loc":{"start":{"line":20,"column":51},"end":{"line":23,"column":3}}},"1":{"name":"(anonymous_3)","decl":{"start":{"line":25,"column":2},"end":{"line":25,"column":11}},"loc":{"start":{"line":25,"column":56},"end":{"line":95,"column":3}}},"2":{"name":"(anonymous_4)","decl":{"start":{"line":47,"column":10},"end":{"line":47,"column":11}},"loc":{"start":{"line":47,"column":27},"end":{"line":72,"column":7}}},"3":{"name":"(anonymous_5)","decl":{"start":{"line":73,"column":17},"end":{"line":73,"column":18}},"loc":{"start":{"line":73,"column":25},"end":{"line":93,"column":7}}},"4":{"name":"(anonymous_6)","decl":{"start":{"line":92,"column":26},"end":{"line":92,"column":29}},"loc":{"start":{"line":92,"column":32},"end":{"line":92,"column":35}}},"5":{"name":"(anonymous_7)","decl":{"start":{"line":97,"column":10},"end":{"line":97,"column":25}},"loc":{"start":{"line":100,"column":21},"end":{"line":167,"column":3}}}},"branchMap":{"0":{"loc":{"start":{"line":21,"column":17},"end":{"line":21,"column":53}},"type":"binary-expr","locations":[{"start":{"line":21,"column":17},"end":{"line":21,"column":47}},{"start":{"line":21,"column":51},"end":{"line":21,"column":53}}]},"1":{"loc":{"start":{"line":26,"column":4},"end":{"line":28,"column":5}},"type":"if","locations":[{"start":{"line":26,"column":4},"end":{"line":28,"column":5}},{"start":{},"end":{}}]},"2":{"loc":{"start":{"line":35,"column":4},"end":{"line":37,"column":5}},"type":"if","locations":[{"start":{"line":35,"column":4},"end":{"line":37,"column":5}},{"start":{},"end":{}}]},"3":{"loc":{"start":{"line":41,"column":16},"end":{"line":41,"column":56}},"type":"binary-expr","locations":[{"start":{"line":41,"column":16},"end":{"line":41,"column":35}},{"start":{"line":41,"column":39},"end":{"line":41,"column":50}},{"start":{"line":41,"column":54},"end":{"line":41,"column":56}}]},"4":{"loc":{"start":{"line":77,"column":10},"end":{"line":77,"column":62}},"type":"cond-expr","locations":[{"start":{"line":77,"column":41},"end":{"line":77,"column":56}},{"start":{"line":77,"column":59},"end":{"line":77,"column":62}}]},"5":{"loc":{"start":{"line":110,"column":4},"end":{"line":135,"column":5}},"type":"if","locations":[{"start":{"line":110,"column":4},"end":{"line":135,"column":5}},{"start":{},"end":{}}]},"6":{"loc":{"start":{"line":111,"column":25},"end":{"line":111,"column":44}},"type":"binary-expr","locations":[{"start":{"line":111,"column":25},"end":{"line":111,"column":38}},{"start":{"line":111,"column":42},"end":{"line":111,"column":44}}]},"7":{"loc":{"start":{"line":113,"column":6},"end":{"line":116,"column":7}},"type":"if","locations":[{"start":{"line":113,"column":6},"end":{"line":116,"column":7}},{"start":{},"end":{}}]},"8":{"loc":{"start":{"line":115,"column":8},"end":{"line":115,"column":52}},"type":"if","locations":[{"start":{"line":115,"column":8},"end":{"line":115,"column":52}},{"start":{},"end":{}}]},"9":{"loc":{"start":{"line":117,"column":6},"end":{"line":120,"column":7}},"type":"if","locations":[{"start":{"line":117,"column":6},"end":{"line":120,"column":7}},{"start":{},"end":{}}]},"10":{"loc":{"start":{"line":119,"column":8},"end":{"line":119,"column":64}},"type":"if","locations":[{"start":{"line":119,"column":8},"end":{"line":119,"column":64}},{"start":{},"end":{}}]},"11":{"loc":{"start":{"line":122,"column":26},"end":{"line":122,"column":69}},"type":"binary-expr","locations":[{"start":{"line":122,"column":26},"end":{"line":122,"column":38}},{"start":{"line":122,"column":42},"end":{"line":122,"column":69}}]},"12":{"loc":{"start":{"line":124,"column":32},"end":{"line":124,"column":75}},"type":"binary-expr","locations":[{"start":{"line":124,"column":32},"end":{"line":124,"column":44}},{"start":{"line":124,"column":48},"end":{"line":124,"column":75}}]},"13":{"loc":{"start":{"line":126,"column":6},"end":{"line":134,"column":7}},"type":"if","locations":[{"start":{"line":126,"column":6},"end":{"line":134,"column":7}},{"start":{"line":132,"column":13},"end":{"line":134,"column":7}}]},"14":{"loc":{"start":{"line":127,"column":8},"end":{"line":129,"column":40}},"type":"binary-expr","locations":[{"start":{"line":127,"column":8},"end":{"line":127,"column":20}},{"start":{"line":128,"column":8},"end":{"line":128,"column":25}},{"start":{"line":129,"column":8},"end":{"line":129,"column":40}}]},"15":{"loc":{"start":{"line":132,"column":13},"end":{"line":134,"column":7}},"type":"if","locations":[{"start":{"line":132,"column":13},"end":{"line":134,"column":7}},{"start":{},"end":{}}]},"16":{"loc":{"start":{"line":137,"column":4},"end":{"line":141,"column":5}},"type":"if","locations":[{"start":{"line":137,"column":4},"end":{"line":141,"column":5}},{"start":{},"end":{}}]},"17":{"loc":{"start":{"line":138,"column":6},"end":{"line":140,"column":7}},"type":"if","locations":[{"start":{"line":138,"column":6},"end":{"line":140,"column":7}},{"start":{},"end":{}}]},"18":{"loc":{"start":{"line":143,"column":4},"end":{"line":158,"column":5}},"type":"if","locations":[{"start":{"line":143,"column":4},"end":{"line":158,"column":5}},{"start":{},"end":{}}]},"19":{"loc":{"start":{"line":144,"column":6},"end":{"line":157,"column":7}},"type":"if","locations":[{"start":{"line":144,"column":6},"end":{"line":157,"column":7}},{"start":{},"end":{}}]},"20":{"loc":{"start":{"line":153,"column":10},"end":{"line":155,"column":11}},"type":"if","locations":[{"start":{"line":153,"column":10},"end":{"line":155,"column":11}},{"start":{},"end":{}}]},"21":{"loc":{"start":{"line":160,"column":4},"end":{"line":164,"column":5}},"type":"if","locations":[{"start":{"line":160,"column":4},"end":{"line":164,"column":5}},{"start":{},"end":{}}]},"22":{"loc":{"start":{"line":160,"column":8},"end":{"line":160,"column":89}},"type":"binary-expr","locations":[{"start":{"line":160,"column":8},"end":{"line":160,"column":47}},{"start":{"line":160,"column":51},"end":{"line":160,"column":89}}]},"23":{"loc":{"start":{"line":161,"column":6},"end":{"line":163,"column":7}},"type":"if","locations":[{"start":{"line":161,"column":6},"end":{"line":163,"column":7}},{"start":{},"end":{}}]}},"s":{"0":2,"1":2,"2":2,"3":2,"4":2,"5":2,"6":31,"7":31,"8":31,"9":31,"10":32,"11":4,"12":28,"13":28,"14":1,"15":27,"16":27,"17":27,"18":27,"19":27,"20":27,"21":25,"22":25,"23":25,"24":25,"25":25,"26":25,"27":2,"28":2,"29":2,"30":2,"31":2,"32":2,"33":25,"34":25,"35":25,"36":7,"37":7,"38":1,"39":1,"40":1,"41":7,"42":1,"43":1,"44":1,"45":7,"46":7,"47":7,"48":7,"49":6,"50":1,"51":1,"52":25,"53":2,"54":2,"55":25,"56":2,"57":2,"58":2,"59":10,"60":10,"61":25,"62":3,"63":1,"64":25,"65":2,"66":2},"f":{"0":31,"1":32,"2":25,"3":2,"4":2,"5":25},"b":{"0":[31,1],"1":[4,28],"2":[1,27],"3":[27,0,0],"4":[1,1],"5":[7,18],"6":[7,0],"7":[1,6],"8":[1,0],"9":[1,6],"10":[1,0],"11":[7,2],"12":[7,1],"13":[6,1],"14":[7,7,6],"15":[1,0],"16":[2,23],"17":[2,0],"18":[2,23],"19":[2,0],"20":[10,0],"21":[3,22],"22":[25,22],"23":[1,2]}}
,"/Users/davidpenagosmejia/Desktop/mimo-regalostestNV/mimo-regalostestv4/backend/src/common/services/supabase-storage.service.ts": {"path":"/Users/davidpenagosmejia/Desktop/mimo-regalostestNV/mimo-regalostestv4/backend/src/common/services/supabase-storage.service.ts","statementMap":{"0":{"start":{"line":1,"column":0},"end":{"line":1,"column":103}},"1":{"start":{"line":2,"column":0},"end":{"line":2,"column":69}},"2":{"start":{"line":3,"column":0},"end":{"line":3,"column":43}},"3":{"start":{"line":6,"column":35},"end":{"line":94,"column":null}},"4":{"start":{"line":9,"column":28},"end":{"line":9,"column":67}},"5":{"start":{"line":12,"column":24},"end":{"line":12,"column":50}},"6":{"start":{"line":13,"column":27},"end":{"line":13,"column":70}},"7":{"start":{"line":14,"column":4},"end":{"line":14,"column":56}},"8":{"start":{"line":15,"column":4},"end":{"line":17,"column":7}},"9":{"start":{"line":26,"column":23},"end":{"line":26,"column":44}},"10":{"start":{"line":27,"column":22},"end":{"line":32,"column":8}},"11":{"start":{"line":34,"column":4},"end":{"line":39,"column":5}},"12":{"start":{"line":35,"column":6},"end":{"line":35,"column":81}},"13":{"start":{"line":36,"column":6},"end":{"line":38,"column":8}},"14":{"start":{"line":41,"column":4},"end":{"line":41,"column":54}},"15":{"start":{"line":45,"column":23},"end":{"line":45,"column":44}},"16":{"start":{"line":46,"column":21},"end":{"line":48,"column":32}},"17":{"start":{"line":50,"column":4},"end":{"line":50,"column":26}},"18":{"start":{"line":54,"column":23},"end":{"line":54,"column":44}},"19":{"start":{"line":55,"column":22},"end":{"line":57,"column":28}},"20":{"start":{"line":59,"column":4},"end":{"line":61,"column":5}},"21":{"start":{"line":60,"column":6},"end":{"line":60,"column":68}},"22":{"start":{"line":65,"column":20},"end":{"line":65,"column":61}},"23":{"start":{"line":66,"column":4},"end":{"line":70,"column":5}},"24":{"start":{"line":67,"column":6},"end":{"line":69,"column":8}},"25":{"start":{"line":74,"column":4},"end":{"line":78,"column":5}},"26":{"start":{"line":75,"column":6},"end":{"line":77,"column":8}},"27":{"start":{"line":82,"column":40},"end":{"line":86,"column":6}},"28":{"start":{"line":87,"column":4},"end":{"line":87,"column":35}},"29":{"start":{"line":91,"column":17},"end":{"line":91,"column":36}},"30":{"start":{"line":92,"column":4},"end":{"line":92,"column":65}},"31":{"start":{"line":6,"column":13},"end":{"line":6,"column":35}},"32":{"start":{"line":6,"column":13},"end":{"line":94,"column":null}}},"fnMap":{"0":{"name":"(anonymous_2)","decl":{"start":{"line":11,"column":2},"end":{"line":11,"column":null}},"loc":{"start":{"line":11,"column":2},"end":{"line":18,"column":3}}},"1":{"name":"(anonymous_3)","decl":{"start":{"line":20,"column":2},"end":{"line":20,"column":7}},"loc":{"start":{"line":24,"column":19},"end":{"line":42,"column":3}}},"2":{"name":"(anonymous_4)","decl":{"start":{"line":44,"column":2},"end":{"line":44,"column":14}},"loc":{"start":{"line":44,"column":51},"end":{"line":51,"column":3}}},"3":{"name":"(anonymous_5)","decl":{"start":{"line":53,"column":2},"end":{"line":53,"column":7}},"loc":{"start":{"line":53,"column":55},"end":{"line":62,"column":3}}},"4":{"name":"(anonymous_6)","decl":{"start":{"line":64,"column":2},"end":{"line":64,"column":8}},"loc":{"start":{"line":64,"column":42},"end":{"line":71,"column":3}}},"5":{"name":"(anonymous_7)","decl":{"start":{"line":73,"column":2},"end":{"line":73,"column":8}},"loc":{"start":{"line":73,"column":66},"end":{"line":79,"column":3}}},"6":{"name":"(anonymous_8)","decl":{"start":{"line":81,"column":2},"end":{"line":81,"column":8}},"loc":{"start":{"line":81,"column":43},"end":{"line":88,"column":3}}},"7":{"name":"(anonymous_9)","decl":{"start":{"line":90,"column":2},"end":{"line":90,"column":18}},"loc":{"start":{"line":90,"column":66},"end":{"line":93,"column":3}}}},"branchMap":{"0":{"loc":{"start":{"line":26,"column":23},"end":{"line":26,"column":44}},"type":"binary-expr","locations":[{"start":{"line":26,"column":23},"end":{"line":26,"column":29}},{"start":{"line":26,"column":33},"end":{"line":26,"column":44}}]},"1":{"loc":{"start":{"line":34,"column":4},"end":{"line":39,"column":5}},"type":"if","locations":[{"start":{"line":34,"column":4},"end":{"line":39,"column":5}},{"start":{},"end":{}}]},"2":{"loc":{"start":{"line":45,"column":23},"end":{"line":45,"column":44}},"type":"binary-expr","locations":[{"start":{"line":45,"column":23},"end":{"line":45,"column":29}},{"start":{"line":45,"column":33},"end":{"line":45,"column":44}}]},"3":{"loc":{"start":{"line":54,"column":23},"end":{"line":54,"column":44}},"type":"binary-expr","locations":[{"start":{"line":54,"column":23},"end":{"line":54,"column":29}},{"start":{"line":54,"column":33},"end":{"line":54,"column":44}}]},"4":{"loc":{"start":{"line":59,"column":4},"end":{"line":61,"column":5}},"type":"if","locations":[{"start":{"line":59,"column":4},"end":{"line":61,"column":5}},{"start":{},"end":{}}]},"5":{"loc":{"start":{"line":66,"column":4},"end":{"line":70,"column":5}},"type":"if","locations":[{"start":{"line":66,"column":4},"end":{"line":70,"column":5}},{"start":{},"end":{}}]},"6":{"loc":{"start":{"line":73,"column":40},"end":{"line":73,"column":66}},"type":"default-arg","locations":[{"start":{"line":73,"column":51},"end":{"line":73,"column":66}}]},"7":{"loc":{"start":{"line":74,"column":4},"end":{"line":78,"column":5}},"type":"if","locations":[{"start":{"line":74,"column":4},"end":{"line":78,"column":5}},{"start":{},"end":{}}]},"8":{"loc":{"start":{"line":87,"column":11},"end":{"line":87,"column":34}},"type":"binary-expr","locations":[{"start":{"line":87,"column":11},"end":{"line":87,"column":24}},{"start":{"line":87,"column":28},"end":{"line":87,"column":34}}]}},"s":{"0":1,"1":1,"2":1,"3":1,"4":0,"5":0,"6":0,"7":0,"8":0,"9":0,"10":0,"11":0,"12":0,"13":0,"14":0,"15":0,"16":0,"17":0,"18":0,"19":0,"20":0,"21":0,"22":10,"23":10,"24":0,"25":10,"26":0,"27":10,"28":10,"29":0,"30":0,"31":1,"32":1},"f":{"0":0,"1":0,"2":0,"3":0,"4":10,"5":10,"6":10,"7":0},"b":{"0":[0,0],"1":[0,0],"2":[0,0],"3":[0,0],"4":[0,0],"5":[0,10],"6":[10],"7":[0,10],"8":[10,0]}}
,"/Users/davidpenagosmejia/Desktop/mimo-regalostestNV/mimo-regalostestv4/backend/src/common/utils/campaign-window.ts": {"path":"/Users/davidpenagosmejia/Desktop/mimo-regalostestNV/mimo-regalostestv4/backend/src/common/utils/campaign-window.ts","statementMap":{"0":{"start":{"line":8,"column":0},"end":{"line":8,"column":16}},"1":{"start":{"line":1,"column":0},"end":{"line":1,"column":52}},"2":{"start":{"line":12,"column":14},"end":{"line":12,"column":24}},"3":{"start":{"line":13,"column":2},"end":{"line":15,"column":3}},"4":{"start":{"line":14,"column":4},"end":{"line":14,"column":68}},"5":{"start":{"line":16,"column":2},"end":{"line":18,"column":3}},"6":{"start":{"line":17,"column":4},"end":{"line":17,"column":73}}},"fnMap":{"0":{"name":"assertCampaignWindowOpen","decl":{"start":{"line":8,"column":16},"end":{"line":8,"column":40}},"loc":{"start":{"line":11,"column":1},"end":{"line":19,"column":1}}}},"branchMap":{"0":{"loc":{"start":{"line":13,"column":2},"end":{"line":15,"column":3}},"type":"if","locations":[{"start":{"line":13,"column":2},"end":{"line":15,"column":3}},{"start":{},"end":{}}]},"1":{"loc":{"start":{"line":13,"column":6},"end":{"line":13,"column":50}},"type":"binary-expr","locations":[{"start":{"line":13,"column":6},"end":{"line":13,"column":23}},{"start":{"line":13,"column":27},"end":{"line":13,"column":50}}]},"2":{"loc":{"start":{"line":16,"column":2},"end":{"line":18,"column":3}},"type":"if","locations":[{"start":{"line":16,"column":2},"end":{"line":18,"column":3}},{"start":{},"end":{}}]},"3":{"loc":{"start":{"line":16,"column":6},"end":{"line":16,"column":46}},"type":"binary-expr","locations":[{"start":{"line":16,"column":6},"end":{"line":16,"column":21}},{"start":{"line":16,"column":25},"end":{"line":16,"column":46}}]}},"s":{"0":1,"1":1,"2":3,"3":3,"4":0,"5":3,"6":0},"f":{"0":3},"b":{"0":[0,3],"1":[3,0],"2":[0,3],"3":[3,0]}}
,"/Users/davidpenagosmejia/Desktop/mimo-regalostestNV/mimo-regalostestv4/backend/src/employees/employees.service.ts": {"path":"/Users/davidpenagosmejia/Desktop/mimo-regalostestNV/mimo-regalostestv4/backend/src/employees/employees.service.ts","statementMap":{"0":{"start":{"line":1,"column":0},"end":{"line":1,"column":null}},"1":{"start":{"line":8,"column":0},"end":{"line":8,"column":57}},"2":{"start":{"line":13,"column":0},"end":{"line":13,"column":35}},"3":{"start":{"line":16,"column":14},"end":{"line":16,"column":33}},"4":{"start":{"line":17,"column":2},"end":{"line":19,"column":3}},"5":{"start":{"line":18,"column":4},"end":{"line":18,"column":21}},"6":{"start":{"line":20,"column":2},"end":{"line":20,"column":13}},"7":{"start":{"line":24,"column":2},"end":{"line":24,"column":47}},"8":{"start":{"line":24,"column":28},"end":{"line":24,"column":47}},"9":{"start":{"line":25,"column":2},"end":{"line":25,"column":53}},"10":{"start":{"line":25,"column":32},"end":{"line":25,"column":53}},"11":{"start":{"line":26,"column":2},"end":{"line":26,"column":50}},"12":{"start":{"line":26,"column":30},"end":{"line":26,"column":50}},"13":{"start":{"line":27,"column":2},"end":{"line":27,"column":16}},"14":{"start":{"line":31,"column":2},"end":{"line":31,"column":22}},"15":{"start":{"line":31,"column":12},"end":{"line":31,"column":22}},"16":{"start":{"line":32,"column":12},"end":{"line":32,"column":25}},"17":{"start":{"line":33,"column":2},"end":{"line":33,"column":36}},"18":{"start":{"line":33,"column":26},"end":{"line":33,"column":36}},"19":{"start":{"line":34,"column":2},"end":{"line":41,"column":5}},"20":{"start":{"line":45,"column":20},"end":{"line":45,"column":32}},"21":{"start":{"line":46,"column":2},"end":{"line":46,"column":73}},"22":{"start":{"line":47,"column":2},"end":{"line":51,"column":4}},"23":{"start":{"line":52,"column":2},"end":{"line":52,"column":85}},"24":{"start":{"line":53,"column":2},"end":{"line":53,"column":24}},"25":{"start":{"line":55,"column":2},"end":{"line":55,"column":46}},"26":{"start":{"line":56,"column":2},"end":{"line":59,"column":4}},"27":{"start":{"line":63,"column":7},"end":{"line":518,"column":null}},"28":{"start":{"line":64,"column":31},"end":{"line":64,"column":39}},"29":{"start":{"line":69,"column":75},"end":{"line":69,"column":80}},"30":{"start":{"line":71,"column":45},"end":{"line":71,"column":47}},"31":{"start":{"line":73,"column":4},"end":{"line":75,"column":5}},"32":{"start":{"line":74,"column":6},"end":{"line":74,"column":29}},"33":{"start":{"line":77,"column":4},"end":{"line":79,"column":5}},"34":{"start":{"line":78,"column":6},"end":{"line":78,"column":28}},"35":{"start":{"line":81,"column":4},"end":{"line":83,"column":5}},"36":{"start":{"line":82,"column":6},"end":{"line":82,"column":36}},"37":{"start":{"line":85,"column":4},"end":{"line":94,"column":5}},"38":{"start":{"line":86,"column":6},"end":{"line":93,"column":8}},"39":{"start":{"line":97,"column":4},"end":{"line":102,"column":5}},"40":{"start":{"line":98,"column":6},"end":{"line":100,"column":7}},"41":{"start":{"line":99,"column":8},"end":{"line":99,"column":69}},"42":{"start":{"line":101,"column":6},"end":{"line":101,"column":53}},"43":{"start":{"line":105,"column":4},"end":{"line":110,"column":5}},"44":{"start":{"line":106,"column":6},"end":{"line":109,"column":8}},"45":{"start":{"line":112,"column":24},"end":{"line":116,"column":15}},"46":{"start":{"line":119,"column":4},"end":{"line":140,"column":5}},"47":{"start":{"line":120,"column":28},"end":{"line":129,"column":8}},"48":{"start":{"line":131,"column":6},"end":{"line":139,"column":8}},"49":{"start":{"line":143,"column":4},"end":{"line":147,"column":7}},"50":{"start":{"line":156,"column":45},"end":{"line":156,"column":84}},"51":{"start":{"line":158,"column":4},"end":{"line":162,"column":5}},"52":{"start":{"line":159,"column":6},"end":{"line":161,"column":8}},"53":{"start":{"line":164,"column":53},"end":{"line":164,"column":72}},"54":{"start":{"line":166,"column":4},"end":{"line":171,"column":5}},"55":{"start":{"line":167,"column":6},"end":{"line":169,"column":7}},"56":{"start":{"line":168,"column":8},"end":{"line":168,"column":69}},"57":{"start":{"line":170,"column":6},"end":{"line":170,"column":47}},"58":{"start":{"line":173,"column":45},"end":{"line":176,"column":6}},"59":{"start":{"line":178,"column":4},"end":{"line":182,"column":5}},"60":{"start":{"line":179,"column":6},"end":{"line":179,"column":52}},"61":{"start":{"line":181,"column":6},"end":{"line":181,"column":44}},"62":{"start":{"line":184,"column":4},"end":{"line":186,"column":5}},"63":{"start":{"line":185,"column":6},"end":{"line":185,"column":42}},"64":{"start":{"line":188,"column":4},"end":{"line":197,"column":5}},"65":{"start":{"line":189,"column":6},"end":{"line":196,"column":8}},"66":{"start":{"line":199,"column":22},"end":{"line":226,"column":6}},"67":{"start":{"line":228,"column":15},"end":{"line":228,"column":37}},"68":{"start":{"line":229,"column":4},"end":{"line":229,"column":27}},"69":{"start":{"line":231,"column":15},"end":{"line":231,"column":43}},"70":{"start":{"line":232,"column":4},"end":{"line":246,"column":6}},"71":{"start":{"line":248,"column":4},"end":{"line":264,"column":5}},"72":{"start":{"line":249,"column":6},"end":{"line":263,"column":9}},"73":{"start":{"line":266,"column":4},"end":{"line":266,"column":24}},"74":{"start":{"line":268,"column":4},"end":{"line":268,"column":62}},"75":{"start":{"line":274,"column":21},"end":{"line":281,"column":6}},"76":{"start":{"line":283,"column":4},"end":{"line":285,"column":5}},"77":{"start":{"line":284,"column":6},"end":{"line":284,"column":61}},"78":{"start":{"line":288,"column":4},"end":{"line":295,"column":5}},"79":{"start":{"line":289,"column":6},"end":{"line":291,"column":7}},"80":{"start":{"line":290,"column":8},"end":{"line":290,"column":69}},"81":{"start":{"line":292,"column":6},"end":{"line":294,"column":7}},"82":{"start":{"line":293,"column":8},"end":{"line":293,"column":74}},"83":{"start":{"line":297,"column":4},"end":{"line":297,"column":20}},"84":{"start":{"line":306,"column":4},"end":{"line":310,"column":5}},"85":{"start":{"line":307,"column":6},"end":{"line":309,"column":8}},"86":{"start":{"line":312,"column":23},"end":{"line":312,"column":44}},"87":{"start":{"line":313,"column":18},"end":{"line":313,"column":57}},"88":{"start":{"line":314,"column":21},"end":{"line":314,"column":40}},"89":{"start":{"line":315,"column":18},"end":{"line":315,"column":43}},"90":{"start":{"line":316,"column":28},"end":{"line":316,"column":63}},"91":{"start":{"line":317,"column":25},"end":{"line":317,"column":57}},"92":{"start":{"line":320,"column":21},"end":{"line":322,"column":6}},"93":{"start":{"line":323,"column":4},"end":{"line":325,"column":5}},"94":{"start":{"line":324,"column":6},"end":{"line":324,"column":72}},"95":{"start":{"line":327,"column":4},"end":{"line":331,"column":5}},"96":{"start":{"line":328,"column":6},"end":{"line":330,"column":8}},"97":{"start":{"line":334,"column":21},"end":{"line":341,"column":6}},"98":{"start":{"line":342,"column":4},"end":{"line":346,"column":5}},"99":{"start":{"line":343,"column":6},"end":{"line":345,"column":8}},"100":{"start":{"line":348,"column":4},"end":{"line":368,"column":5}},"101":{"start":{"line":350,"column":6},"end":{"line":367,"column":9}},"102":{"start":{"line":372,"column":4},"end":{"line":389,"column":7}},"103":{"start":{"line":395,"column":21},"end":{"line":395,"column":43}},"104":{"start":{"line":397,"column":45},"end":{"line":397,"column":47}},"105":{"start":{"line":400,"column":4},"end":{"line":402,"column":5}},"106":{"start":{"line":401,"column":6},"end":{"line":401,"column":42}},"107":{"start":{"line":405,"column":4},"end":{"line":407,"column":5}},"108":{"start":{"line":406,"column":6},"end":{"line":406,"column":69}},"109":{"start":{"line":410,"column":4},"end":{"line":412,"column":5}},"110":{"start":{"line":411,"column":6},"end":{"line":411,"column":55}},"111":{"start":{"line":415,"column":4},"end":{"line":417,"column":5}},"112":{"start":{"line":416,"column":6},"end":{"line":416,"column":85}},"113":{"start":{"line":420,"column":4},"end":{"line":422,"column":5}},"114":{"start":{"line":421,"column":6},"end":{"line":421,"column":76}},"115":{"start":{"line":425,"column":4},"end":{"line":444,"column":5}},"116":{"start":{"line":426,"column":6},"end":{"line":430,"column":7}},"117":{"start":{"line":427,"column":8},"end":{"line":429,"column":10}},"118":{"start":{"line":431,"column":23},"end":{"line":433,"column":8}},"119":{"start":{"line":434,"column":6},"end":{"line":436,"column":7}},"120":{"start":{"line":435,"column":8},"end":{"line":435,"column":74}},"121":{"start":{"line":438,"column":6},"end":{"line":442,"column":7}},"122":{"start":{"line":439,"column":8},"end":{"line":441,"column":10}},"123":{"start":{"line":443,"column":6},"end":{"line":443,"column":58}},"124":{"start":{"line":447,"column":4},"end":{"line":469,"column":5}},"125":{"start":{"line":448,"column":6},"end":{"line":452,"column":7}},"126":{"start":{"line":449,"column":8},"end":{"line":451,"column":10}},"127":{"start":{"line":453,"column":23},"end":{"line":453,"column":44}},"128":{"start":{"line":454,"column":25},"end":{"line":454,"column":62}},"129":{"start":{"line":455,"column":23},"end":{"line":462,"column":8}},"130":{"start":{"line":463,"column":6},"end":{"line":467,"column":7}},"131":{"start":{"line":464,"column":8},"end":{"line":466,"column":10}},"132":{"start":{"line":468,"column":6},"end":{"line":468,"column":33}},"133":{"start":{"line":474,"column":4},"end":{"line":481,"column":5}},"134":{"start":{"line":475,"column":6},"end":{"line":479,"column":7}},"135":{"start":{"line":476,"column":8},"end":{"line":478,"column":10}},"136":{"start":{"line":480,"column":6},"end":{"line":480,"column":31}},"137":{"start":{"line":483,"column":4},"end":{"line":483,"column":54}},"138":{"start":{"line":487,"column":4},"end":{"line":495,"column":7}},"139":{"start":{"line":501,"column":21},"end":{"line":501,"column":43}},"140":{"start":{"line":503,"column":4},"end":{"line":507,"column":5}},"141":{"start":{"line":504,"column":6},"end":{"line":506,"column":8}},"142":{"start":{"line":513,"column":4},"end":{"line":516,"column":7}},"143":{"start":{"line":63,"column":13},"end":{"line":63,"column":29}},"144":{"start":{"line":63,"column":13},"end":{"line":518,"column":null}}},"fnMap":{"0":{"name":"sanitizeExcelCell","decl":{"start":{"line":15,"column":9},"end":{"line":15,"column":26}},"loc":{"start":{"line":15,"column":41},"end":{"line":21,"column":1}}},"1":{"name":"translateEmployeeStatus","decl":{"start":{"line":23,"column":9},"end":{"line":23,"column":32}},"loc":{"start":{"line":23,"column":47},"end":{"line":28,"column":1}}},"2":{"name":"formatDateCO","decl":{"start":{"line":30,"column":9},"end":{"line":30,"column":21}},"loc":{"start":{"line":30,"column":40},"end":{"line":42,"column":1}}},"3":{"name":"styleHeader","decl":{"start":{"line":44,"column":9},"end":{"line":44,"column":20}},"loc":{"start":{"line":44,"column":60},"end":{"line":60,"column":1}}},"4":{"name":"(anonymous_6)","decl":{"start":{"line":64,"column":2},"end":{"line":64,"column":31}},"loc":{"start":{"line":64,"column":52},"end":{"line":64,"column":56}}},"5":{"name":"(anonymous_7)","decl":{"start":{"line":68,"column":2},"end":{"line":68,"column":7}},"loc":{"start":{"line":68,"column":84},"end":{"line":148,"column":3}}},"6":{"name":"(anonymous_8)","decl":{"start":{"line":152,"column":2},"end":{"line":152,"column":7}},"loc":{"start":{"line":154,"column":47},"end":{"line":269,"column":3}}},"7":{"name":"(anonymous_9)","decl":{"start":{"line":273,"column":2},"end":{"line":273,"column":7}},"loc":{"start":{"line":273,"column":71},"end":{"line":298,"column":3}}},"8":{"name":"(anonymous_10)","decl":{"start":{"line":302,"column":2},"end":{"line":302,"column":7}},"loc":{"start":{"line":302,"column":58},"end":{"line":390,"column":3}}},"9":{"name":"(anonymous_11)","decl":{"start":{"line":394,"column":2},"end":{"line":394,"column":7}},"loc":{"start":{"line":394,"column":70},"end":{"line":496,"column":3}}},"10":{"name":"(anonymous_12)","decl":{"start":{"line":500,"column":2},"end":{"line":500,"column":7}},"loc":{"start":{"line":500,"column":25},"end":{"line":517,"column":3}}}},"branchMap":{"0":{"loc":{"start":{"line":16,"column":21},"end":{"line":16,"column":32}},"type":"binary-expr","locations":[{"start":{"line":16,"column":21},"end":{"line":16,"column":26}},{"start":{"line":16,"column":30},"end":{"line":16,"column":32}}]},"1":{"loc":{"start":{"line":17,"column":
[...]
rt":{"line":387,"column":20},"end":{"line":387,"column":35}},"125":{"start":{"line":389,"column":23},"end":{"line":389,"column":97}},"126":{"start":{"line":389,"column":40},"end":{"line":389,"column":84}},"127":{"start":{"line":390,"column":24},"end":{"line":390,"column":91}},"128":{"start":{"line":390,"column":41},"end":{"line":390,"column":78}},"129":{"start":{"line":391,"column":23},"end":{"line":391,"column":95}},"130":{"start":{"line":391,"column":40},"end":{"line":391,"column":82}},"131":{"start":{"line":393,"column":33},"end":{"line":393,"column":35}},"132":{"start":{"line":394,"column":6},"end":{"line":394,"column":50}},"133":{"start":{"line":394,"column":18},"end":{"line":394,"column":50}},"134":{"start":{"line":395,"column":6},"end":{"line":395,"column":53}},"135":{"start":{"line":395,"column":20},"end":{"line":395,"column":53}},"136":{"start":{"line":396,"column":6},"end":{"line":396,"column":47}},"137":{"start":{"line":396,"column":17},"end":{"line":396,"column":47}},"138":{"start":{"line":398,"column":6},"end":{"line":412,"column":9}},"139":{"start":{"line":414,"column":6},"end":{"line":429,"column":7}},"140":{"start":{"line":415,"column":8},"end":{"line":428,"column":11}},"141":{"start":{"line":431,"column":6},"end":{"line":441,"column":7}},"142":{"start":{"line":432,"column":8},"end":{"line":440,"column":11}},"143":{"start":{"line":444,"column":4},"end":{"line":444,"column":25}},"144":{"start":{"line":445,"column":4},"end":{"line":445,"column":25}},"145":{"start":{"line":446,"column":4},"end":{"line":446,"column":24}},"146":{"start":{"line":448,"column":4},"end":{"line":448,"column":62}},"147":{"start":{"line":54,"column":13},"end":{"line":54,"column":30}},"148":{"start":{"line":54,"column":13},"end":{"line":450,"column":null}}},"fnMap":{"0":{"name":"sanitizeExcelCell","decl":{"start":{"line":7,"column":9},"end":{"line":7,"column":26}},"loc":{"start":{"line":7,"column":41},"end":{"line":13,"column":1}}},"1":{"name":"translateGender","decl":{"start":{"line":15,"column":9},"end":{"line":15,"column":24}},"loc":{"start":{"line":15,"column":34},"end":{"line":19,"column":1}}},"2":{"name":"formatDateCO","decl":{"start":{"line":21,"column":9},"end":{"line":21,"column":21}},"loc":{"start":{"line":21,"column":40},"end":{"line":33,"column":1}}},"3":{"name":"styleHeader","decl":{"start":{"line":35,"column":9},"end":{"line":35,"column":20}},"loc":{"start":{"line":35,"column":60},"end":{"line":51,"column":1}}},"4":{"name":"(anonymous_6)","decl":{"start":{"line":55,"column":2},"end":{"line":55,"column":31}},"loc":{"start":{"line":55,"column":52},"end":{"line":55,"column":56}}},"5":{"name":"(anonymous_7)","decl":{"start":{"line":70,"column":2},"end":{"line":70,"column":7}},"loc":{"start":{"line":70,"column":85},"end":{"line":217,"column":3}}},"6":{"name":"(anonymous_8)","decl":{"start":{"line":140,"column":23},"end":{"line":140,"column":24}},"loc":{"start":{"line":140,"column":34},"end":{"line":158,"column":10}}},"7":{"name":"(anonymous_9)","decl":{"start":{"line":219,"column":2},"end":{"line":219,"column":7}},"loc":{"start":{"line":219,"column":71},"end":{"line":243,"column":3}}},"8":{"name":"(anonymous_10)","decl":{"start":{"line":245,"column":2},"end":{"line":245,"column":7}},"loc":{"start":{"line":247,"column":47},"end":{"line":296,"column":3}}},"9":{"name":"(anonymous_11)","decl":{"start":{"line":282,"column":21},"end":{"line":282,"column":22}},"loc":{"start":{"line":282,"column":32},"end":{"line":295,"column":6}}},"10":{"name":"(anonymous_12)","decl":{"start":{"line":298,"column":2},"end":{"line":298,"column":7}},"loc":{"start":{"line":300,"column":47},"end":{"line":449,"column":3}}},"11":{"name":"(anonymous_13)","decl":{"start":{"line":389,"column":33},"end":{"line":389,"column":34}},"loc":{"start":{"line":389,"column":40},"end":{"line":389,"column":84}}},"12":{"name":"(anonymous_14)","decl":{"start":{"line":390,"column":34},"end":{"line":390,"column":35}},"loc":{"start":{"line":390,"column":41},"end":{"line":390,"column":78}}},"13":{"name":"(anonymous_15)","decl":{"start":{"line":391,"column":33},"end":{"line":391,"column":34}},"loc":{"start":{"line":391,"column":40},"end":{"line":391,"column":82}}}},"branchMap":{"0":{"loc":{"start":{"line":8,"column":21},"end":{"line":8,"column":32}},"type":"binary-expr","locations":[{"start":{"line":8,"column":21},"end":{"line":8,"column":26}},{"start":{"line":8,"column":30},"end":{"line":8,"column":32}}]},"1":{"loc":{"start":{"line":9,"column":2},"end":{"line":11,"column":3}},"type":"if","locations":[{"start":{"line":9,"column":2},"end":{"line":11,"column":3}},{"start":{},"end":{}}]},"2":{"loc":{"start":{"line":16,"column":2},"end":{"line":16,"column":39}},"type":"if","locations":[{"start":{"line":16,"column":2},"end":{"line":16,"column":39}},{"start":{},"end":{}}]},"3":{"loc":{"start":{"line":17,"column":2},"end":{"line":17,"column":40}},"type":"if","locations":[{"start":{"line":17,"column":2},"end":{"line":17,"column":40}},{"start":{},"end":{}}]},"4":{"loc":{"start":{"line":18,"column":9},"end":{"line":18,"column":16}},"type":"binary-expr","locations":[{"start":{"line":18,"column":9},"end":{"line":18,"column":10}},{"start":{"line":18,"column":14},"end":{"line":18,"column":16}}]},"5":{"loc":{"start":{"line":22,"column":2},"end":{"line":22,"column":22}},"type":"if","locations":[{"start":{"line":22,"column":2},"end":{"line":22,"column":22}},{"start":{},"end":{}}]},"6":{"loc":{"start":{"line":24,"column":2},"end":{"line":24,"column":36}},"type":"if","locations":[{"start":{"line":24,"column":2},"end":{"line":24,"column":36}},{"start":{},"end":{}}]},"7":{"loc":{"start":{"line":74,"column":4},"end":{"line":166,"column":5}},"type":"if","locations":[{"start":{"line":74,"column":4},"end":{"line":166,"column":5}},{"start":{},"end":{}}]},"8":{"loc":{"start":{"line":74,"column":8},"end":{"line":74,"column":52}},"type":"binary-expr","locations":[{"start":{"line":74,"column":8},"end":{"line":74,"column":26}},{"start":{"line":74,"column":30},"end":{"line":74,"column":52}}]},"9":{"loc":{"start":{"line":77,"column":6},"end":{"line":79,"column":7}},"type":"if","locations":[{"start":{"line":77,"column":6},"end":{"line":79,"column":7}},{"start":{},"end":{}}]},"10":{"loc":{"start":{"line":80,"column":6},"end":{"line":82,"column":7}},"type":"if","locations":[{"start":{"line":80,"column":6},"end":{"line":82,"column":7}},{"start":{},"end":{}}]},"11":{"loc":{"start":{"line":83,"column":6},"end":{"line":91,"column":7}},"type":"if","locations":[{"start":{"line":83,"column":6},"end":{"line":91,"column":7}},{"start":{},"end":{}}]},"12":{"loc":{"start":{"line":85,"column":8},"end":{"line":89,"column":9}},"type":"if","locations":[{"start":{"line":85,"column":8},"end":{"line":89,"column":9}},{"start":{},"end":{}}]},"13":{"loc":{"start":{"line":92,"column":6},"end":{"line":94,"column":7}},"type":"if","locations":[{"start":{"line":92,"column":6},"end":{"line":94,"column":7}},{"start":{},"end":{}}]},"14":{"loc":{"start":{"line":95,"column":6},"end":{"line":97,"column":7}},"type":"if","locations":[{"start":{"line":95,"column":6},"end":{"line":97,"column":7}},{"start":{},"end":{}}]},"15":{"loc":{"start":{"line":99,"column":6},"end":{"line":108,"column":7}},"type":"if","locations":[{"start":{"line":99,"column":6},"end":{"line":108,"column":7}},{"start":{},"end":{}}]},"16":{"loc":{"start":{"line":111,"column":6},"end":{"line":116,"column":7}},"type":"if","locations":[{"start":{"line":111,"column":6},"end":{"line":116,"column":7}},{"start":{},"end":{}}]},"17":{"loc":{"start":{"line":112,"column":8},"end":{"line":114,"column":9}},"type":"if","locations":[{"start":{"line":112,"column":8},"end":{"line":114,"column":9}},{"start":{},"end":{}}]},"18":{"loc":{"start":{"line":155,"column":24},"end":{"line":155,"column":55}},"type":"binary-expr","locations":[{"start":{"line":155,"column":24},"end":{"line":155,"column":49}},{"start":{"line":155,"column":53},"end":{"line":155,"column":55}}]},"19":{"loc":{"start":{"line":171,"column":4},"end":{"line":173,"column":5}},"type":"if","locations":[{"start":{"line":171,"column":4},"end":{"line":173,"column":5}},{"start":{},"end":{}}]},"20":{"loc":{"start":{"line":174,"column":4},"end":{"line":176,"column":5}},"type":"if","locations":[{"start":{"line":174,"column":4},"end":{"line":176,"column":5}},{"start":{},"end":{}}]},"21":{"loc":{"start":{"line":177,"column":4},"end":{"line":185,"column":5}},"type":"if","locations":[{"start":{"line":177,"column":4},"end":{"line":185,"column":5}},{"start":{},"end":{}}]},"22":{"loc":{"start":{"line":179,"column":6},"end":{"line":183,"column":7}},"type":"if","locations":[{"start":{"line":179,"column":6},"end":{"line":183,"column":7}},{"start":{},"end":{}}]},"23":{"loc":{"start":{"line":186,"column":4},"end":{"line":188,"column":5}},"type":"if","locations":[{"start":{"line":186,"column":4},"end":{"line":188,"column":5}},{"start":{},"end":{}}]},"24":{"loc":{"start":{"line":189,"column":4},"end":{"line":191,"column":5}},"type":"if","locations":[{"start":{"line":189,"column":4},"end":{"line":191,"column":5}},{"start":{},"end":{}}]},"25":{"loc":{"start":{"line":193,"column":4},"end":{"line":202,"column":5}},"type":"if","locations":[{"start":{"line":193,"column":4},"end":{"line":202,"column":5}},{"start":{},"end":{}}]},"26":{"loc":{"start":{"line":205,"column":4},"end":{"line":210,"column":5}},"type":"if","locations":[{"start":{"line":205,"column":4},"end":{"line":210,"column":5}},{"start":{},"end":{}}]},"27":{"loc":{"start":{"line":206,"column":6},"end":{"line":208,"column":7}},"type":"if","locations":[{"start":{"line":206,"column":6},"end":{"line":208,"column":7}},{"start":{},"end":{}}]},"28":{"loc":{"start":{"line":228,"column":4},"end":{"line":230,"column":5}},"type":"if","locations":[{"start":{"line":228,"column":4},"end":{"line":230,"column":5}},{"start":{},"end":{}}]},"29":{"loc":{"start":{"line":233,"column":4},"end":{"line":240,"column":5}},"type":"if","locations":[{"start":{"line":233,"column":4},"end":{"line":240,"column":5}},{"start":{},"end":{}}]},"30":{"loc":{"start":{"line":234,"column":6},"end":{"line":236,"column":7}},"type":"if","locations":[{"start":{"line":234,"column":6},"end":{"line":236,"column":7}},{"start":{},"end":{}}]},"31":{"loc":{"start":{"line":237,"column":6},"end":{"line":239,"column":7}},"type":"if","locations":[{"start":{"line":237,"column":6},"end":{"line":239,"column":7}},{"start":{},"end":{}}]},"32":{"loc":{"start":{"line":253,"column":4},"end":{"line":255,"column":5}},"type":"if","locations":[{"start":{"line":253,"column":4},"end":{"line":255,"column":5}},{"start":{},"end":{}}]},"33":{"loc":{"start":{"line":256,"column":4},"end":{"line":258,"column":5}},"type":"if","locations":[{"start":{"line":256,"column":4},"end":{"line":258,"column":5}},{"start":{},"end":{}}]},"34":{"loc":{"start":{"line":259,"column":4},"end":{"line":261,"column":5}},"type":"if","locations":[{"start":{"line":259,"column":4},"end":{"line":261,"column":5}},{"start":{},"end":{}}]},"35":{"loc":{"start":{"line":264,"column":4},"end":{"line":269,"column":5}},"type":"if","locations":[{"start":{"line":264,"column":4},"end":{"line":269,"column":5}},{"start":{},"end":{}}]},"36":{"loc":{"start":{"line":265,"column":6},"end":{"line":267,"column":7}},"type":"if","locations":[{"start":{"line":265,"column":6},"end":{"line":267,"column":7}},{"start":{},"end":{}}]},"37":{"loc":{"start":{"line":283,"column":20},"end":{"line":283,"column":62}},"type":"binary-expr","locations":[{"start":{"line":283,"column":20},"end":{"line":283,"column":56}},{"start":{"line":283,"column":60},"end":{"line":283,"column":62}}]},"38":{"loc":{"start":{"line":284,"column":20},"end":{"line":284,"column":62}},"type":"binary-expr","locations":[{"start":{"line":284,"column":20},"end":{"line":284,"column":56}},{"start":{"line":284,"column":60},"end":{"line":284,"column":62}}]},"39":{"loc":{"start":{"line":285,"column":26},"end":{"line":285,"column":74}},"type":"binary-expr","locations":[{"start":{"line":285,"column":26},"end":{"line":285,"column":68}},{"start":{"line":285,"column":72},"end":{"line":285,"column":74}}]},"40":{"loc":{"start":{"line":286,"column":21},"end":{"line":286,"column":47}},"type":"binary-expr","locations":[{"start":{"line":286,"column":21},"end":{"line":286,"column":41}},{"start":{"line":286,"column":45},"end":{"line":286,"column":47}}]},"41":{"loc":{"start":{"line":287,"column":23},"end":{"line":287,"column":59}},"type":"binary-expr","locations":[{"start":{"line":287,"column":23},"end":{"line":287,"column":53}},{"start":{"line":287,"column":57},"end":{"line":287,"column":59}}]},"42":{"loc":{"start":{"line":288,"column":20},"end":{"line":288,"column":53}},"type":"binary-expr","locations":[{"start":{"line":288,"column":20},"end":{"line":288,"column":47}},{"start":{"line":288,"column":51},"end":{"line":288,"column":53}}]},"43":{"loc":{"start":{"line":304,"column":4},"end":{"line":306,"column":5}},"type":"if","locations":[{"start":{"line":304,"column":4},"end":{"line":306,"column":5}},{"start":{},"end":{}}]},"44":{"loc":{"start":{"line":307,"column":4},"end":{"line":312,"column":5}},"type":"if","locations":[{"start":{"line":307,"column":4},"end":{"line":312,"column":5}},{"start":{},"end":{}}]},"45":{"loc":{"start":{"line":307,"column":8},"end":{"line":307,"column":38}},"type":"binary-expr","locations":[{"start":{"line":307,"column":8},"end":{"line":307,"column":22}},{"start":{"line":307,"column":26},"end":{"line":307,"column":38}}]},"46":{"loc":{"start":{"line":309,"column":6},"end":{"line":309,"column":68}},"type":"if","locations":[{"start":{"line":309,"column":6},"end":{"line":309,"column":68}},{"start":{},"end":{}}]},"47":{"loc":{"start":{"line":310,"column":6},"end":{"line":310,"column":64}},"type":"if","locations":[{"start":{"line":310,"column":6},"end":{"line":310,"column":64}},{"start":{},"end":{}}]},"48":{"loc":{"start":{"line":315,"column":4},"end":{"line":320,"column":5}},"type":"if","locations":[{"start":{"line":315,"column":4},"end":{"line":320,"column":5}},{"start":{},"end":{}}]},"49":{"loc":{"start":{"line":316,"column":6},"end":{"line":318,"column":7}},"type":"if","locations":[{"start":{"line":316,"column":6},"end":{"line":318,"column":7}},{"start":{},"end":{}}]},"50":{"loc":{"start":{"line":384,"column":20},"end":{"line":384,"column":45}},"type":"binary-expr","locations":[{"start":{"line":384,"column":20},"end":{"line":384,"column":39}},{"start":{"line":384,"column":43},"end":{"line":384,"column":45}}]},"51":{"loc":{"start":{"line":385,"column":22},"end":{"line":385,"column":57}},"type":"binary-expr","locations":[{"start":{"line":385,"column":22},"end":{"line":385,"column":51}},{"start":{"line":385,"column":55},"end":{"line":385,"column":57}}]},"52":{"loc":{"start":{"line":386,"column":19},"end":{"line":386,"column":51}},"type":"binary-expr","locations":[{"start":{"line":386,"column":19},"end":{"line":386,"column":45}},{"start":{"line":386,"column":49},"end":{"line":386,"column":51}}]},"53":{"loc":{"start":{"line":387,"column":20},"end":{"line":387,"column":35}},"type":"binary-expr","locations":[{"start":{"line":387,"column":20},"end":{"line":387,"column":29}},{"start":{"line":387,"column":33},"end":{"line":387,"column":35}}]},"54":{"loc":{"start":{"line":394,"column":6},"end":{"line":394,"column":50}},"type":"if","locations":[{"start":{"line":394,"column":6},"end":{"line":394,"column":50}},{"start":{},"end":{}}]},"55":{"loc":{"start":{"line":395,"column":6},"end":{"line":395,"column":53}},"type":"if","locations":[{"start":{"line":395,"column":6},"end":{"line":395,"column":53}},{"start":{},"end":{}}]},"56":{"loc":{"start":{"line":396,"column":6},"end":{"line":396,"column":47}},"type":"if","locations":[{"start":{"line":396,"column":6},"end":{"line":396,"column":47}},{"start":{},"end":{}}]},"57":{"loc":{"start":{"line":431,"column":6},"end":{"line":441,"column":7}},"type":"if","locations":[{"start":{"line":431,"column":6},"end":{"line":441,"column":7}},{"start":{},"end":{}}]}},"s":{"0":1,"1":1,"2":1,"3":1116,"4":1116,"5":0,"6":1116,"7":62,"8":0,"9":62,"10":62,"11":0,"12":124,"13":0,"14":124,"15":124,"16":0,"17":124,"18":42,"19":42,"20":42,"21":42,"22":42,"23":42,"24":42,"25":1,"26":15,"27":15,"28":0,"29":0,"30":0,"31":0,"32":0,"33":0,"34":0,"35":0,"36":0,"37":0,"38":0,"39":0,"40":0,"41":0,"42":0,"43":0,"44":0,"45":0,"46":0,"47":0,"48":0,"49":0,"50":0,"51":0,"52":0,"53":0,"54":0,"55":0,"56":0,"57":0,"58":0,"59":0,"60":0,"61":0,"62":0,"63":0,"64":0,"65":0,"66":0,"67":0,"68":0,"69":0,"70":0,"71":0,"72":0,"73":0,"74":0,"75":0,"76":0,"77":0,"78":0,"79":0,"80":0,"81":0,"82":0,"83":0,"84":0,"85":0,"86":0,"87":0,"88":0,"89":0,"90":0,"91":0,"92":0,"93":0,"94":0,"95":0,"96":0,"97":15,"98":15,"99":3,"100":15,"101":1,"102":1,"103":1,"104":1,"105":1,"106":1,"107":15,"108":3,"109":1,"110":2,"111":14,"112":14,"113":14,"114":14,"115":14,"116":14,"117":14,"118":14,"119":14,"120":14,"121":62,"122":62,"123":62,"124":62,"125":62,"126":62,"127":62,"128":62,"129":62,"130":62,"131":62,"132":62,"133":0,"134":62,"135":0,"136":62,"137":0,"138":62,"139":62,"140":62,"141":62,"142":0,"143":14,"144":14,"145":14,"146":14,"147":1,"148":1},"f":{"0":1116,"1":62,"2":124,"3":42,"4":15,"5":0,"6":0,"7":0,"8":0,"9":0,"10":15,"11":62,"12":62,"13":62},"b":{"0":[1116,0],"1":[0,1116],"2":[0,62],"3":[62,0],"4":[0,0],"5":[0,124],"6":[0,124],"7":[0,0],"8":[0,0],"9":[0,0],"10":[0,0],"11":[0,0],"12":[0,0],"13":[0,0],"14":[0,0],"15":[0,0],"16":[0,0],"17":[0,0],"18":[0,0],"19":[0,0],"20":[0,0],"21":[0,0],"22":[0,0],"23":[0,0],"24":[0,0],"25":[0,0],"26":[0,0],"27":[0,0],"28":[0,0],"29":[0,0],"30":[0,0],"31":[0,0],"32":[0,0],"33":[0,0],"34":[0,0],"35":[0,0],"36":[0,0],"37":[0,0],"38":[0,0],"39":[0,0],"40":[0,0],"41":[0,0],"42":[0,0],"43":[3,12],"44":[1,14],"45":[15,14],"46":[1,0],"47":[1,0],"48":[3,12],"49":[1,2],"50":[62,0],"51":[62,0],"52":[62,0],"53":[62,0],"54":[0,62],"55":[0,62],"56":[0,62],"57":[0,62]}}
,"/Users/davidpenagosmejia/Desktop/mimo-regalostestNV/mimo-regalostestv4/backend/src/selections/dto/selection-query.dto.ts": {"path":"/Users/davidpenagosmejia/Desktop/mimo-regalostestNV/mimo-regalostestv4/backend/src/selections/dto/selection-query.dto.ts","statementMap":{"0":{"start":{"line":1,"column":0},"end":{"line":1,"column":72}},"1":{"start":{"line":2,"column":0},"end":{"line":2,"column":41}},"2":{"start":{"line":4,"column":0},"end":{"line":4,"column":13}},"3":{"start":{"line":7,"column":2},"end":{"line":7,"column":null}},"4":{"start":{"line":12,"column":2},"end":{"line":12,"column":null}},"5":{"start":{"line":10,"column":14},"end":{"line":10,"column":20}},"6":{"start":{"line":17,"column":2},"end":{"line":17,"column":null}},"7":{"start":{"line":15,"column":14},"end":{"line":15,"column":20}},"8":{"start":{"line":21,"column":2},"end":{"line":21,"column":null}},"9":{"start":{"line":25,"column":2},"end":{"line":25,"column":null}},"10":{"start":{"line":29,"column":2},"end":{"line":29,"column":null}},"11":{"start":{"line":35,"column":2},"end":{"line":35,"column":null}},"12":{"start":{"line":32,"column":14},"end":{"line":32,"column":20}},"13":{"start":{"line":42,"column":2},"end":{"line":42,"column":null}},"14":{"start":{"line":38,"column":14},"end":{"line":38,"column":20}}},"fnMap":{"0":{"name":"(anonymous_2)","decl":{"start":{"line":10,"column":8},"end":{"line":10,"column":11}},"loc":{"start":{"line":10,"column":14},"end":{"line":10,"column":20}}},"1":{"name":"(anonymous_3)","decl":{"start":{"line":15,"column":8},"end":{"line":15,"column":11}},"loc":{"start":{"line":15,"column":14},"end":{"line":15,"column":20}}},"2":{"name":"(anonymous_4)","decl":{"start":{"line":32,"column":8},"end":{"line":32,"column":11}},"loc":{"start":{"line":32,"column":14},"end":{"line":32,"column":20}}},"3":{"name":"(anonymous_5)","decl":{"start":{"line":38,"column":8},"end":{"line":38,"column":11}},"loc":{"start":{"line":38,"column":14},"end":{"line":38,"column":20}}}},"branchMap":{},"s":{"0":1,"1":1,"2":1,"3":1,"4":1,"5":0,"6":1,"7":0,"8":1,"9":1,"10":1,"11":1,"12":2,"13":1,"14":2},"f":{"0":0,"1":0,"2":2,"3":2},"b":{}}
}
