TN:
SF:scripts/lib/safety.ts
FN:20,assertSafeTarget
FN:75,classifyEndpoint
FNF:2
FNH:2
FNDA:13,assertSafeTarget
FNDA:16,classifyEndpoint
DA:1,1
DA:11,1
DA:18,1
DA:20,1
DA:23,13
DA:24,13
DA:25,12
DA:27,1
DA:30,12
DA:31,4
DA:34,8
DA:35,53
DA:36,3
DA:43,5
DA:44,14
DA:45,2
DA:52,3
DA:53,3
DA:54,1
DA:61,1
DA:68,1
DA:75,1
DA:79,16
DA:81,16
DA:82,3
DA:85,13
DA:87,13
DA:88,46
DA:89,4
DA:93,9
DA:94,30
DA:98,4
DA:102,5
DA:103,3
DA:106,2
LF:35
LH:35
BRDA:30,0,0,4
BRDA:30,0,1,8
BRDA:35,1,0,3
BRDA:35,1,1,50
BRDA:44,2,0,2
BRDA:44,2,1,12
BRDA:52,3,0,3
BRDA:52,3,1,1
BRDA:53,4,0,1
BRDA:53,4,1,2
BRDA:81,5,0,3
BRDA:81,5,1,13
BRDA:88,6,0,4
BRDA:88,6,1,42
BRDA:94,7,0,4
BRDA:94,7,1,26
BRDA:95,8,0,30
BRDA:95,8,1,30
BRDA:102,9,0,3
BRDA:102,9,1,2
BRDA:102,10,0,5
BRDA:102,10,1,3
BRF:22
BRH:22
end_of_record
TN:
SF:scripts/lib/stats.ts
FN:13,percentile
FN:17,(anonymous_1)
FN:28,mean
FN:30,(anonymous_3)
FN:34,stddev
FN:37,(anonymous_5)
FN:41,stats
FN:56,(anonymous_7)
FN:72,round2
FNF:9
FNH:9
FNDA:20,percentile
FNDA:256,(anonymous_1)
FNDA:15,mean
FNDA:52,(anonymous_3)
FNDA:7,stddev
FNDA:22,(anonymous_5)
FNDA:4,stats
FNDA:8,(anonymous_7)
FNDA:32,round2
DA:13,1
DA:14,20
DA:15,19
DA:17,256
DA:18,17
DA:19,17
DA:20,17
DA:22,17
DA:24,10
DA:25,10
DA:28,1
DA:29,15
DA:30,52
DA:31,14
DA:34,1
DA:35,7
DA:36,5
DA:37,22
DA:38,5
DA:41,1
DA:42,4
DA:43,1
DA:56,8
DA:57,3
DA:59,3
DA:73,32
LF:26
LH:26
BRDA:14,0,0,1
BRDA:14,0,1,19
BRDA:15,1,0,2
BRDA:15,1,1,17
BRDA:17,2,0,17
BRDA:17,2,1,0
BRDA:22,3,0,7
BRDA:22,3,1,10
BRDA:29,4,0,1
BRDA:29,4,1,14
BRDA:35,5,0,2
BRDA:35,5,1,5
BRDA:36,6,0,5
BRDA:36,6,1,2
BRDA:42,7,0,1
BRDA:42,7,1,3
BRF:16
BRH:15
end_of_record
TN:
SF:src/admin-users/admin-users.service.ts
FN:17,(anonymous_2)
FN:19,(anonymous_3)
FN:30,(anonymous_4)
FN:47,(anonymous_5)
FN:95,(anonymous_6)
FN:146,(anonymous_7)
FN:162,(anonymous_8)
FN:176,(anonymous_9)
FNF:8
FNH:2
FNDA:11,(anonymous_2)
FNDA:0,(anonymous_3)
FNDA:0,(anonymous_4)
FNDA:0,(anonymous_5)
FNDA:0,(anonymous_6)
FNDA:0,(anonymous_7)
FNDA:0,(anonymous_8)
FNDA:11,(anonymous_9)
DA:1,1
DA:8,1
DA:13,1
DA:16,1
DA:17,11
DA:20,0
DA:31,0
DA:40,0
DA:41,0
DA:44,0
DA:49,0
DA:53,0
DA:54,0
DA:58,0
DA:62,0
DA:63,0
DA:67,0
DA:71,0
DA:72,0
DA:76,0
DA:78,0
DA:96,0
DA:99,0
DA:100,0
DA:103,0
DA:105,0
DA:106,0
DA:108,0
DA:111,0
DA:112,0
DA:114,0
DA:116,0
DA:117,0
DA:120,0
DA:122,0
DA:123,0
DA:126,0
DA:127,0
DA:129,0
DA:131,0
DA:132,0
DA:135,0
DA:147,0
DA:149,0
DA:151,0
DA:163,0
DA:165,0
DA:177,11
DA:178,1
DA:181,10
DA:186,10
DA:187,1
DA:190,9
DA:197,8
DA:198,3
DA:203,5
LF:56
LH:14
BRDA:40,0,0,0
BRDA:40,0,1,0
BRDA:53,1,0,0
BRDA:53,1,1,0
BRDA:53,2,0,0
BRDA:53,2,1,0
BRDA:62,3,0,0
BRDA:62,3,1,0
BRDA:71,4,0,0
BRDA:71,4,1,0
BRDA:85,5,0,0
BRDA:85,5,1,0
BRDA:99,6,0,0
BRDA:99,6,1,0
BRDA:99,7,0,0
BRDA:99,7,1,0
BRDA:105,8,0,0
BRDA:105,8,1,0
BRDA:106,9,0,0
BRDA:106,9,1,0
BRDA:111,10,0,0
BRDA:111,10,1,0
BRDA:111,11,0,0
BRDA:111,11,1,0
BRDA:116,12,0,0
BRDA:116,12,1,0
BRDA:120,13,0,0
BRDA:120,13,1,0
BRDA:122,14,0,0
BRDA:122,14,1,0
BRDA:126,15,0,0
BRDA:126,15,1,0
BRDA:126,16,0,0
BRDA:126,16,1,0
BRDA:131,17,0,0
BRDA:131,17,1,0
BRDA:177,18,0,1
BRDA:177,18,1,10
BRDA:186,19,0,1
BRDA:186,19,1,9
BRDA:197,20,0,3
BRDA:197,20,1,5
BRF:42
BRH:6
end_of_record
TN:
SF:src/auth/auth.controller.ts
FN:23,(anonymous_4)
FN:29,(anonymous_5)
FN:37,(anonymous_6)
FNF:3
FNH:2
FNDA:6,(anonymous_4)
FNDA:0,(anonymous_5)
FNDA:6,(anonymous_6)
DA:1,1
DA:13,1
DA:14,1
DA:15,1
DA:16,1
DA:18,1
DA:19,1
DA:22,1
DA:23,6
DA:29,1
DA:30,0
DA:37,1
DA:38,6
DA:47,6
DA:48,6
DA:49,1
DA:52,5
LF:17
LH:16
BRDA:48,0,0,1
BRDA:48,0,1,5
BRDA:58,1,0,5
BRDA:58,1,1,2
BRF:4
BRH:4
end_of_record
TN:
SF:src/auth/auth.service.ts
FN:9,(anonymous_2)
FN:14,(anonymous_3)
FN:60,(anonymous_4)
FN:99,(anonymous_5)
FNF:4
FNH:0
FNDA:0,(anonymous_2)
FNDA:0,(anonymous_3)
FNDA:0,(anonymous_4)
FNDA:0,(anonymous_5)
DA:1,1
DA:2,1
DA:3,1
DA:4,1
DA:8,1
DA:10,0
DA:11,0
DA:15,0
DA:29,0
DA:30,0
DA:33,0
DA:34,0
DA:35,0
DA:38,0
DA:45,0
DA:47,0
DA:61,0
DA:75,0
DA:76,0
DA:79,0
DA:80,0
DA:84,0
DA:85,0
DA:86,0
DA:89,0
DA:100,0
DA:105,0
DA:106,0
DA:109,0
LF:29
LH:5
BRDA:29,0,0,0
BRDA:29,0,1,0
BRDA:29,1,0,0
BRDA:29,1,1,0
BRDA:34,2,0,0
BRDA:34,2,1,0
BRDA:75,3,0,0
BRDA:75,3,1,0
BRDA:79,4,0,0
BRDA:79,4,1,0
BRDA:85,5,0,0
BRDA:85,5,1,0
BRDA:105,6,0,0
BRDA:105,6,1,0
BRDA:105,7,0,0
BRDA:105,7,1,0
BRF:16
BRH:0
end_of_record
TN:
SF:src/auth/dto/login.dto.ts
FNF:0
FNH:0
DA:1,1
DA:3,1
DA:5,1
DA:9,1
LF:4
LH:4
BRF:0
BRH:0
end_of_record
TN:
SF:src/auth/guards/jwt-auth.guard.ts
FN:6,(anonymous_1)
FNF:1
FNH:0
FNDA:0,(anonymous_1)
DA:1,1
DA:2,1
DA:5,1
DA:7,0
LF:4
LH:3
BRF:0
BRH:0
end_of_record
TN:
SF:src/auth/strategies/jwt.strategy.ts
FN:9,(anonymous_2)
FN:17,(anonymous_3)
FNF:2
FNH:2
FNDA:5,(anonymous_2)
FNDA:5,(anonymous_3)
DA:1,1
DA:2,1
DA:3,1
DA:4,1
DA:5,1
DA:8,1
DA:9,5
DA:10,5
DA:20,5
DA:30,5
DA:31,2
DA:34,3
LF:12
LH:12
BRDA:30,0,0,2
BRDA:30,0,1,3
BRDA:30,1,0,5
BRDA:30,1,1,4
BRF:4
BRH:4
end_of_record
TN:
SF:src/beneficiaries/dto/beneficiary-query.dto.ts
FN:11,(anonymous_2)
FN:16,(anonymous_3)
FN:29,(anonymous_4)
FN:35,(anonymous_5)
FNF:4
FNH:2
FNDA:0,(anonymous_2)
FNDA:0,(anonymous_3)
FNDA:2,(anonymous_4)
FNDA:2,(anonymous_5)
DA:1,1
DA:2,1
DA:3,1
DA:5,1
DA:8,1
DA:11,0
DA:13,1
DA:16,0
DA:18,1
DA:22,1
DA:26,1
DA:29,2
DA:32,1
DA:35,2
DA:39,1
LF:15
LH:13
BRF:0
BRH:0
end_of_record
TN:
SF:src/common/config/env.ts
FN:7,requireEnv
FN:18,optionalEnv
FNF:2
FNH:1
FNDA:5,requireEnv
FNDA:0,optionalEnv
DA:7,2
DA:8,5
DA:9,5
DA:10,0
DA:15,5
DA:18,2
DA:19,0
DA:20,0
DA:24,2
LF:9
LH:6
BRDA:7,0,0,0
BRDA:9,1,0,0
BRDA:9,1,1,5
BRDA:9,2,0,5
BRDA:9,2,1,5
BRDA:20,3,0,0
BRDA:20,3,1,0
BRDA:20,4,0,0
BRDA:20,4,1,0
BRF:9
BRH:3
end_of_record
TN:
SF:src/common/decorators/roles.decorator.ts
FN:4,(anonymous_0)
FNF:1
FNH:0
FNDA:0,(anonymous_0)
DA:1,2
DA:3,2
DA:4,2
LF:3
LH:3
BRF:0
BRH:0
end_of_record
TN:
SF:src/common/decorators/track-performance.decorator.ts
FN:5,TrackPerformance
FNF:1
FNH:1
FNDA:1,TrackPerformance
DA:1,2
DA:3,2
DA:5,2
DA:6,1
LF:4
LH:4
BRF:0
BRH:0
end_of_record
TN:
SF:src/common/filters/http-exception.filter.ts
FN:16,(anonymous_1)
FNF:1
FNH:1
FNDA:13,(anonymous_1)
DA:1,1
DA:9,1
DA:13,1
DA:14,13
DA:17,13
DA:18,13
DA:19,13
DA:21,13
DA:22,13
DA:24,13
DA:25,2
DA:26,2
DA:27,2
DA:31,11
DA:32,10
DA:37,10
DA:51,10
DA:52,2
DA:53,2
DA:54,8
DA:55,1
DA:56,1
DA:57,7
DA:58,3
DA:59,3
DA:60,4
DA:61,3
DA:62,3
DA:65,1
DA:66,1
DA:68,1
DA:69,1
DA:75,13
LF:33
LH:33
BRDA:24,0,0,2
BRDA:24,0,1,11
BRDA:28,1,0,1
BRDA:28,1,1,1
BRDA:30,2,0,1
BRDA:30,2,1,0
BRDA:31,3,0,10
BRDA:31,3,1,1
BRDA:51,4,0,2
BRDA:51,4,1,8
BRDA:54,5,0,1
BRDA:54,5,1,7
BRDA:57,6,0,3
BRDA:57,6,1,4
BRDA:60,7,0,3
BRDA:60,7,1,1
BRDA:68,8,0,1
BRDA:68,8,1,0
BRDA:77,9,0,0
BRDA:77,9,1,13
BRF:20
BRH:17
end_of_record
TN:
SF:src/common/guards/roles.guard.ts
FN:7,(anonymous_2)
FN:9,(anonymous_3)
FNF:2
FNH:2
FNDA:13,(anonymous_2)
FNDA:13,(anonymous_3)
DA:1,2
DA:2,2
DA:3,2
DA:6,2
DA:7,13
DA:10,13
DA:15,13
DA:16,2
DA:19,11
DA:22,11
DA:23,2
DA:27,9
LF:12
LH:12
BRDA:15,0,0,2
BRDA:15,0,1,11
BRDA:15,1,0,13
BRDA:15,1,1,12
BRDA:22,2,0,2
BRDA:22,2,1,9
BRF:6
BRH:6
end_of_record
TN:
SF:src/common/interceptors/performance-timing.interceptor.ts
FN:20,(anonymous_2)
FN:25,(anonymous_3)
FN:47,(anonymous_4)
FN:73,(anonymous_5)
FN:92,(anonymous_6)
FN:97,(anonymous_7)
FNF:6
FNH:6
FNDA:31,(anonymous_2)
FNDA:32,(anonymous_3)
FNDA:25,(anonymous_4)
FNDA:2,(anonymous_5)
FNDA:2,(anonymous_6)
FNDA:25,(anonymous_7)
DA:1,2
DA:9,2
DA:10,2
DA:11,2
DA:12,2
DA:16,2
DA:17,31
DA:20,31
DA:21,31
DA:22,31
DA:26,32
DA:27,4
DA:30,28
DA:35,28
DA:36,1
DA:39,27
DA:40,27
DA:41,27
DA:42,27
DA:44,27
DA:46,27
DA:48,25
DA:49,25
DA:50,25
DA:51,25
DA:53,25
DA:59,25
DA:74,2
DA:75,2
DA:77,2
DA:79,2
DA:92,2
DA:102,25
DA:104,25
DA:110,25
DA:111,7
DA:113,7
DA:114,1
DA:115,1
DA:117,7
DA:118,1
DA:119,1
DA:122,7
DA:123,7
DA:124,7
DA:126,7
DA:131,6
DA:132,1
DA:133,1
DA:137,25
DA:138,2
DA:139,2
DA:143,25
DA:144,2
DA:145,2
DA:152,2
DA:153,10
DA:154,10
DA:160,25
DA:161,3
DA:162,1
DA:166,25
LF:62
LH:62
BRDA:21,0,0,31
BRDA:21,0,1,1
BRDA:26,1,0,4
BRDA:26,1,1,28
BRDA:35,2,0,1
BRDA:35,2,1,27
BRDA:41,3,0,27
BRDA:41,3,1,0
BRDA:41,3,2,0
BRDA:77,4,0,1
BRDA:77,4,1,1
BRDA:110,5,0,7
BRDA:110,5,1,18
BRDA:111,6,0,7
BRDA:111,6,1,0
BRDA:113,7,0,1
BRDA:113,7,1,6
BRDA:115,8,0,1
BRDA:115,8,1,0
BRDA:117,9,0,1
BRDA:117,9,1,6
BRDA:119,10,0,1
BRDA:119,10,1,0
BRDA:122,11,0,7
BRDA:122,11,1,2
BRDA:124,12,0,7
BRDA:124,12,1,1
BRDA:126,13,0,6
BRDA:126,13,1,1
BRDA:127,14,0,7
BRDA:127,14,1,7
BRDA:127,14,2,6
BRDA:132,15,0,1
BRDA:132,15,1,0
BRDA:137,16,0,2
BRDA:137,16,1,23
BRDA:138,17,0,2
BRDA:138,17,1,0
BRDA:143,18,0,2
BRDA:143,18,1,23
BRDA:144,19,0,2
BRDA:144,19,1,0
BRDA:153,20,0,10
BRDA:153,20,1,0
BRDA:160,21,0,3
BRDA:160,21,1,22
BRDA:160,22,0,25
BRDA:160,22,1,22
BRDA:161,23,0,1
BRDA:161,23,1,2
BRF:50
BRH:41
end_of_record
TN:
SF:src/common/services/supabase-storage.service.ts
FN:11,(anonymous_2)
FN:20,(anonymous_3)
FN:44,(anonymous_4)
FN:53,(anonymous_5)
FN:64,(anonymous_6)
FN:73,(anonymous_7)
FN:81,(anonymous_8)
FN:90,(anonymous_9)
FNF:8
FNH:3
FNDA:0,(anonymous_2)
FNDA:0,(anonymous_3)
FNDA:0,(anonymous_4)
FNDA:0,(anonymous_5)
FNDA:10,(anonymous_6)
FNDA:10,(anonymous_7)
FNDA:10,(anonymous_8)
FNDA:0,(anonymous_9)
DA:1,1
DA:2,1
DA:3,1
DA:6,1
DA:9,0
DA:12,0
DA:13,0
DA:14,0
DA:15,0
DA:26,0
DA:27,0
DA:34,0
DA:35,0
DA:36,0
DA:41,0
DA:45,0
DA:46,0
DA:50,0
DA:54,0
DA:55,0
DA:59,0
DA:60,0
DA:65,10
DA:66,10
DA:67,0
DA:74,10
DA:75,0
DA:82,10
DA:87,10
DA:91,0
DA:92,0
LF:31
LH:9
BRDA:26,0,0,0
BRDA:26,0,1,0
BRDA:34,1,0,0
BRDA:34,1,1,0
BRDA:45,2,0,0
BRDA:45,2,1,0
BRDA:54,3,0,0
BRDA:54,3,1,0
BRDA:59,4,0,0
BRDA:59,4,1,0
BRDA:66,5,0,0
BRDA:66,5,1,10
BRDA:73,6,0,10
BRDA:74,7,0,0
BRDA:74,7,1,10
BRDA:87,8,0,10
BRDA:87,8,1,0
BRF:17
BRH:4
end_of_record
TN:
SF:src/common/utils/campaign-window.ts
FN:8,assertCampaignWindowOpen
FNF:1
FNH:1
FNDA:3,assertCampaignWindowOpen
DA:1,1
DA:8,1
DA:12,3
DA:13,3
DA:14,0
DA:16,3
DA:17,0
LF:7
LH:5
BRDA:13,0,0,0
BRDA:13,0,1,3
BRDA:13,1,0,3
BRDA:13,1,1,0
BRDA:16,2,0,0
BRDA:16,2,1,3
BRDA:16,3,0,3
BRDA:16,3,1,0
BRF:8
BRH:4
end_of_record
TN:
SF:src/employees/employees.service.ts
FN:15,sanitizeExcelCell
FN:23,translateEmployeeStatus
FN:30,formatDateCO
FN:44,styleHeader
FN:64,(anonymous_6)
FN:68,(anonymous_7)
FN:152,(anonymous_8)
FN:273,(anonymous_9)
FN:302,(anonymous_10)
FN:394,(anonymous_11)
FN:500,(anonymous_12)
FNF:11
FNH:6
FNDA:1233,sanitizeExcelCell
FNDA:137,translateEmployeeStatus
FNDA:274,formatDateCO
FNDA:35,styleHeader
FNDA:38,(anonymous_6)
FNDA:0,(anonymous_7)
FNDA:38,(anonymous_8)
FNDA:0,(anonymous_9)
FNDA:0,(anonymous_10)
FNDA:0,(anonymous_11)
FNDA:0,(anonymous_12)
DA:1,1
DA:8,1
DA:13,1
DA:16,1233
DA:17,1233
DA:18,32
DA:20,1201
DA:24,137
DA:25,5
DA:26,3
DA:27,0
DA:31,274
DA:32,274
DA:33,274
DA:34,274
DA:45,35
DA:46,35
DA:47,35
DA:52,35
DA:53,35
DA:55,35
DA:56,35
DA:63,1
DA:64,38
DA:69,0
DA:71,0
DA:73,0
DA:74,0
DA:77,0
DA:78,0
DA:81,0
DA:82,0
DA:85,0
DA:86,0
DA:97,0
DA:98,0
DA:99,0
DA:101,0
DA:105,0
DA:106,0
DA:112,0
DA:119,0
DA:120,0
DA:131,0
DA:143,0
DA:156,38
DA:158,38
DA:159,2
DA:164,36
DA:166,36
DA:167,3
DA:168,1
DA:170,2
DA:173,35
DA:178,35
DA:179,2
DA:181,33
DA:184,35
DA:185,3
DA:188,35
DA:189,2
DA:199,35
DA:228,35
DA:229,35
DA:231,35
DA:232,35
DA:248,35
DA:249,137
DA:266,35
DA:268,35
DA:274,0
DA:283,0
DA:284,0
DA:288,0
DA:289,0
DA:290,0
DA:292,0
DA:293,0
DA:297,0
DA:306,0
DA:307,0
DA:312,0
DA:313,0
DA:314,0
DA:315,0
DA:316,0
DA:317,0
DA:320,0
DA:323,0
DA:324,0
DA:327,0
DA:328,0
DA:334,0
DA:342,0
DA:343,0
DA:348,0
DA:350,0
DA:372,0
DA:395,0
DA:397,0
DA:400,0
DA:401,0
DA:405,0
DA:406,0
DA:410,0
DA:411,0
DA:415,0
DA:416,0
DA:420,0
DA:421,0
DA:425,0
DA:426,0
DA:427,0
DA:431,0
DA:434,0
DA:435,0
DA:438,0
DA:439,0
DA:443,0
DA:447,0
DA:448,0
DA:449,0
DA:453,0
DA:454,0
DA:455,0
DA:463,0
DA:464,0
DA:468,0
DA:474,0
DA:475,0
DA:476,0
DA:480,0
DA:483,0
DA:487,0
DA:501,0
DA:503,0
DA:504,0
DA:513,0
LF:138
LH:48
BRDA:16,0,0,1233
BRDA:16,0,1,0
BRDA:17,1,0,32
BRDA:17,1,1,1201
BRDA:24,2,0,132
BRDA:24,2,1,5
BRDA:25,3,0,2
BRDA:25,3,1,3
BRDA:26,4,0,3
BRDA:26,4,1,0
BRDA:31,5,0,0
BRDA:31,5,1,274
BRDA:33,6,0,0
BRDA:33,6,1,274
BRDA:73,7,0,0
BRDA:73,7,1,0
BRDA:77,8,0,0
BRDA:77,8,1,0
BRDA:81,9,0,0
BRDA:81,9,1,0
BRDA:85,10,0,0
BRDA:85,10,1,0
BRDA:97,11,0,0
BRDA:97,11,1,0
BRDA:98,12,0,0
BRDA:98,12,1,0
BRDA:105,13,0,0
BRDA:105,13,1,0
BRDA:107,14,0,0
BRDA:107,14,1,0
BRDA:119,15,0,0
BRDA:119,15,1,0
BRDA:119,16,0,0
BRDA:119,16,1,0
BRDA:158,17,0,2
BRDA:158,17,1,36
BRDA:158,18,0,38
BRDA:158,18,1,4
BRDA:166,19,0,3
BRDA:166,19,1,33
BRDA:167,20,0,1
BRDA:167,20,1,2
BRDA:178,21,0,2
BRDA:178,21,1,33
BRDA:184,22,0,3
BRDA:184,22,1,32
BRDA:188,23,0,2
BRDA:188,23,1,33
BRDA:250,24,0,137
BRDA:250,24,1,0
BRDA:251,25,0,137
BRDA:251,25,1,0
BRDA:252,26,0,137
BRDA:252,26,1,0
BRDA:255,27,0,137
BRDA:255,27,1,1
BRDA:256,28,0,137
BRDA:256,28,1,1
BRDA:257,29,0,137
BRDA:257,29,1,1
BRDA:258,30,0,137
BRDA:258,30,1,1
BRDA:260,31,0,137
BRDA:260,31,1,0
BRDA:283,32,0,0
BRDA:283,32,1,0
BRDA:283,33,0,0
BRDA:283,33,1,0
BRDA:288,34,0,0
BRDA:288,34,1,0
BRDA:289,35,0,0
BRDA:289,35,1,0
BRDA:292,36,0,0
BRDA:292,36,1,0
BRDA:306,37,0,0
BRDA:306,37,1,0
BRDA:313,38,0,0
BRDA:313,38,1,0
BRDA:315,39,0,0
BRDA:315,39,1,0
BRDA:316,40,0,0
BRDA:316,40,1,0
BRDA:317,41,0,0
BRDA:317,41,1,0
BRDA:323,42,0,0
BRDA:323,42,1,0
BRDA:323,43,0,0
BRDA:323,43,1,0
BRDA:327,44,0,0
BRDA:327,44,1,0
BRDA:327,45,0,0
BRDA:327,45,1,0
BRDA:342,46,0,0
BRDA:342,46,1,0
BRDA:342,47,0,0
BRDA:342,47,1,0
BRDA:348,48,0,0
BRDA:348,48,1,0
BRDA:348,49,0,0
BRDA:348,49,1,0
BRDA:358,50,0,0
BRDA:358,50,1,0
BRDA:381,51,0,0
BRDA:381,51,1,0
BRDA:400,52,0,0
BRDA:400,52,1,0
BRDA:405,53,0,0
BRDA:405,53,1,0
BRDA:406,54,0,0
BRDA:406,54,1,0
BRDA:410,55,0,0
BRDA:410,55,1,0
BRDA:411,56,0,0
BRDA:411,56,1,0
BRDA:415,57,0,0
BRDA:415,57,1,0
BRDA:416,58,0,0
BRDA:416,58,1,0
BRDA:420,59,0,0
BRDA:420,59,1,0
BRDA:421,60,0,0
BRDA:421,60,1,0
BRDA:425,61,0,0
BRDA:425,61,1,0
BRDA:426,62,0,0
BRDA:426,62,1,0
BRDA:426,63,0,0
BRDA:426,63,1,0
BRDA:434,64,0,0
BRDA:434,64,1,0
BRDA:434,65,0,0
BRDA:434,65,1,0
BRDA:438,66,0,0
BRDA:438,66,1,0
BRDA:438,67,0,0
BRDA:438,67,1,0
BRDA:447,68,0,0
BRDA:447,68,1,0
BRDA:448,69,0,0
BRDA:448,69,1,0
BRDA:454,70,0,0
BRDA:454,70,1,0
BRDA:463,71,0,0
BRDA:463,71,1,0
BRDA:463,72,0,0
BRDA:463,72,1,0
BRDA:463,72,2,0
BRDA:474,73,0,0
BRDA:474,73,1,0
BRDA:475,74,0,0
BRDA:475,74,1,0
BRDA:475,75,0,0
BRDA:475,75,1,0
BRDA:503,76,0,0
BRDA:503,76,1,0
BRF:155
BRH:36
end_of_record
TN:
SF:src/employees/dto/employee-query.dto.ts
FN:11,(anonymous_2)
FN:26,(anonymous_3)
FN:32,(anonymous_4)
FNF:3
FNH:2
FNDA:0,(anonymous_2)
FNDA:4,(anonymous_3)
FNDA:4,(anonymous_4)
DA:1,1
DA:2,1
DA:3,1
DA:5,1
DA:8,1
DA:11,0
DA:13,1
DA:19,1
DA:23,1
DA:26,4
DA:29,1
DA:32,4
DA:36,1
LF:13
LH:12
BRF:0
BRH:0
end_of_record
TN:
SF:src/gifts/gifts.service.ts
FN:18,(anonymous_2)
FN:32,(anonymous_3)
FN:42,(anonymous_4)
FN:52,(anonymous_5)
FN:64,(anonymous_6)
FN:136,(anonymous_7)
FN:164,(anonymous_8)
FN:194,(anonymous_9)
FN:238,(anonymous_10)
FN:266,(anonymous_11)
FN:317,(anonymous_12)
FN:349,(anonymous_13)
FN:364,(anonymous_14)
FN:394,(anonymous_15)
FN:408,(anonymous_16)
FN:414,(anonymous_17)
FN:416,(anonymous_18)
FN:421,(anonymous_19)
FN:427,(anonymous_20)
FN:438,(anonymous_21)
FN:455,(anonymous_22)
FN:465,(anonymous_23)
FN:477,(anonymous_24)
FN:490,(anonymous_25)
FN:497,(anonymous_26)
FN:528,(anonymous_27)
FN:536,(anonymous_28)
FN:549,(anonymous_29)
FN:564,(anonymous_30)
FN:591,(anonymous_31)
FN:621,(anonymous_32)
FNF:31
FNH:10
FNDA:6,(anonymous_2)
FNDA:0,(anonymous_3)
FNDA:0,(anonymous_4)
FNDA:0,(anonymous_5)
FNDA:0,(anonymous_6)
FNDA:8,(anonymous_7)
FNDA:0,(anonymous_8)
FNDA:0,(anonymous_9)
FNDA:0,(anonymous_10)
FNDA:0,(anonymous_11)
FNDA:0,(anonymous_12)
FNDA:0,(anonymous_13)
FNDA:6,(anonymous_14)
FNDA:10,(anonymous_15)
FNDA:10,(anonymous_16)
FNDA:9,(anonymous_17)
FNDA:10,(anonymous_18)
FNDA:2,(anonymous_19)
FNDA:1,(anonymous_20)
FNDA:0,(anonymous_21)
FNDA:4,(anonymous_22)
FNDA:0,(anonymous_23)
FNDA:0,(anonymous_24)
FNDA:0,(anonymous_25)
FNDA:0,(anonymous_26)
FNDA:0,(anonymous_27)
FNDA:0,(anonymous_28)
FNDA:0,(anonymous_29)
FNDA:0,(anonymous_30)
FNDA:0,(anonymous_31)
FNDA:0,(anonymous_32)
DA:1,1
DA:9,1
DA:13,1
DA:17,1
DA:19,6
DA:20,6
DA:25,6
DA:37,0
DA:40,0
DA:42,0
DA:49,0
DA:53,0
DA:56,0
DA:57,0
DA:59,0
DA:73,0
DA:75,0
DA:77,0
DA:78,0
DA:81,0
DA:82,0
DA:85,0
DA:86,0
DA:89,0
DA:90,0
DA:93,0
DA:94,0
DA:95,0
DA:96,0
DA:98,0
DA:99,0
DA:103,0
DA:104,0
DA:112,0
DA:113,0
DA:114,0
DA:116,0
DA:120,0
DA:121,0
DA:127,0
DA:137,8
DA:145,8
DA:146,0
DA:150,8
DA:151,0
DA:152,0
DA:154,0
DA:155,0
DA:159,8
DA:165,0
DA:167,0
DA:168,0
DA:169,0
DA:172,0
DA:173,0
DA:179,0
DA:187,0
DA:188,0
DA:193,0
DA:194,0
DA:195,0
DA:208,0
DA:209,0
DA:212,0
DA:217,0
DA:218,0
DA:232,0
DA:235,0
DA:238,0
DA:239,0
DA:255,0
DA:256,0
DA:261,0
DA:267,0
DA:269,0
DA:272,0
DA:274,0
DA:275,0
DA:279,0
DA:280,0
DA:281,0
DA:282,0
DA:283,0
DA:286,0
DA:287,0
DA:291,0
DA:295,0
DA:296,0
DA:297,0
DA:298,0
DA:299,0
DA:300,0
DA:301,0
DA:302,0
DA:303,0
DA:306,0
DA:307,0
DA:308,0
DA:309,0
DA:314,0
DA:317,0
DA:318,0
DA:321,0
DA:322,0
DA:337,0
DA:338,0
DA:344,0
DA:350,0
DA:355,0
DA:369,6
DA:370,6
DA:372,6
DA:373,1
DA:376,5
DA:380,5
DA:382,5
DA:383,1
DA:388,4
DA:389,10
DA:390,10
DA:393,4
DA:395,10
DA:396,10
DA:397,10
DA:402,9
DA:406,4
DA:412,10
DA:414,9
DA:415,4
DA:416,10
DA:419,4
DA:420,1
DA:421,2
DA:423,1
DA:426,3
DA:427,3
DA:428,1
DA:434,1
DA:438,1
DA:440,1
DA:441,3
DA:450,3
DA:454,2
DA:455,4
DA:457,2
DA:460,1
DA:466,0
DA:467,0
DA:468,0
DA:469,0
DA:470,0
DA:471,0
DA:473,0
DA:478,0
DA:480,0
DA:484,0
DA:485,0
DA:488,0
DA:489,0
DA:490,0
DA:491,0
DA:495,0
DA:497,0
DA:498,0
DA:500,0
DA:501,0
DA:505,0
DA:506,0
DA:513,0
DA:517,0
DA:518,0
DA:525,0
DA:529,0
DA:531,0
DA:535,0
DA:537,0
DA:538,0
DA:539,0
DA:544,0
DA:546,0
DA:550,0
DA:552,0
DA:556,0
DA:557,0
DA:560,0
DA:561,0
DA:564,0
DA:565,0
DA:570,0
DA:575,0
DA:580,0
DA:581,0
DA:588,0
DA:596,0
DA:598,0
DA:602,0
DA:603,0
DA:606,0
DA:608,0
DA:609,0
DA:611,0
DA:612,0
DA:613,0
DA:619,0
DA:620,0
DA:621,0
DA:622,0
DA:626,0
DA:634,0
LF:209
LH:48
BRDA:37,0,0,0
BRDA:37,0,1,0
BRDA:37,1,0,0
BRDA:37,1,1,0
BRDA:56,2,0,0
BRDA:56,2,1,0
BRDA:56,3,0,0
BRDA:56,3,1,0
BRDA:77,4,0,0
BRDA:77,4,1,0
BRDA:81,5,0,0
BRDA:81,5,1,0
BRDA:85,6,0,0
BRDA:85,6,1,0
BRDA:89,7,0,0
BRDA:89,7,1,0
BRDA:93,8,0,0
BRDA:93,8,1,0
BRDA:93,9,0,0
BRDA:93,9,1,0
BRDA:95,10,0,0
BRDA:95,10,1,0
BRDA:98,11,0,0
BRDA:98,11,1,0
BRDA:103,12,0,0
BRDA:103,12,1,0
BRDA:112,13,0,0
BRDA:112,13,1,0
BRDA:113,14,0,0
BRDA:113,14,1,0
BRDA:120,15,0,0
BRDA:120,15,1,0
BRDA:122,16,0,0
BRDA:122,16,1,0
BRDA:145,17,0,0
BRDA:145,17,1,8
BRDA:145,18,0,8
BRDA:145,18,1,8
BRDA:150,19,0,0
BRDA:150,19,1,8
BRDA:151,20,0,0
BRDA:151,20,1,0
BRDA:154,21,0,0
BRDA:154,21,1,0
BRDA:168,22,0,0
BRDA:168,22,1,0
BRDA:169,23,0,0
BRDA:169,23,1,0
BRDA:172,24,0,0
BRDA:172,24,1,0
BRDA:187,25,0,0
BRDA:187,25,1,0
BRDA:187,26,0,0
BRDA:187,26,1,0
BRDA:193,27,0,0
BRDA:193,27,1,0
BRDA:193,28,0,0
BRDA:193,28,1,0
BRDA:202,29,0,0
BRDA:202,29,1,0
BRDA:203,30,0,0
BRDA:203,30,1,0
BRDA:208,31,0,0
BRDA:208,31,1,0
BRDA:217,32,0,0
BRDA:217,32,1,0
BRDA:217,33,0,0
BRDA:217,33,1,0
BRDA:247,34,0,0
BRDA:247,34,1,0
BRDA:250,35,0,0
BRDA:250,35,1,0
BRDA:251,36,0,0
BRDA:251,36,1,0
BRDA:272,37,0,0
BRDA:272,37,1,0
BRDA:279,38,0,0
BRDA:279,38,1,0
BRDA:280,39,0,0
BRDA:280,39,1,0
BRDA:282,40,0,0
BRDA:282,40,1,0
BRDA:286,41,0,0
BRDA:286,41,1,0
BRDA:286,42,0,0
BRDA:286,42,1,0
BRDA:286,42,2,0
BRDA:295,43,0,0
BRDA:295,43,1,0
BRDA:296,44,0,0
BRDA:296,44,1,0
BRDA:297,45,0,0
BRDA:297,45,1,0
BRDA:298,46,0,0
BRDA:298,46,1,0
BRDA:299,47,0,0
BRDA:299,47,1,0
BRDA:300,48,0,0
BRDA:300,48,1,0
BRDA:301,49,0,0
BRDA:301,49,1,0
BRDA:302,50,0,0
BRDA:302,50,1,0
BRDA:303,51,0,0
BRDA:303,51,1,0
BRDA:306,52,0,0
BRDA:306,52,1,0
BRDA:307,53,0,0
BRDA:307,53,1,0
BRDA:308,54,0,0
BRDA:308,54,1,0
BRDA:321,55,0,0
BRDA:321,55,1,0
BRDA:321,56,0,0
BRDA:321,56,1,0
BRDA:337,57,0,0
BRDA:337,57,1,0
BRDA:372,58,0,1
BRDA:372,58,1,5
BRDA:372,59,0,6
BRDA:372,59,1,6
BRDA:382,60,0,1
BRDA:382,60,1,4
BRDA:419,61,0,1
BRDA:419,61,1,3
BRDA:434,62,0,0
BRDA:434,62,1,1
BRDA:447,63,0,3
BRDA:447,63,1,3
BRDA:470,64,0,0
BRDA:470,64,1,0
BRDA:484,65,0,0
BRDA:484,65,1,0
BRDA:489,66,0,0
BRDA:489,66,1,0
BRDA:500,67,0,0
BRDA:500,67,1,0
BRDA:505,68,0,0
BRDA:505,68,1,0
BRDA:538,69,0,0
BRDA:538,69,1,0
BRDA:556,70,0,0
BRDA:556,70,1,0
BRDA:560,71,0,0
BRDA:560,71,1,0
BRDA:602,72,0,0
BRDA:602,72,1,0
BRDA:620,73,0,0
BRDA:620,73,1,0
BRF:149
BRH:15
end_of_record
TN:
SF:src/health/health.controller.ts
FN:9,(anonymous_4)
FN:12,(anonymous_5)
FN:17,(anonymous_6)
FN:37,(anonymous_7)
FNF:4
FNH:4
FNDA:19,(anonymous_4)
FNDA:1,(anonymous_5)
FNDA:3,(anonymous_6)
FNDA:8,(anonymous_7)
DA:1,1
DA:2,1
DA:4,1
DA:8,1
DA:9,19
DA:12,1
DA:13,1
DA:17,1
DA:18,3
DA:19,3
DA:21,3
DA:22,1
DA:28,2
DA:37,1
DA:38,8
LF:15
LH:15
BRDA:21,0,0,1
BRDA:21,0,1,2
BRF:2
BRH:2
end_of_record
TN:
SF:src/health/health.service.ts
FN:15,(anonymous_2)
FN:27,(anonymous_3)
FN:35,(anonymous_4)
FN:41,(anonymous_5)
FN:42,(anonymous_6)
FN:52,(anonymous_7)
FNF:6
FNH:6
FNDA:19,(anonymous_2)
FNDA:1,(anonymous_3)
FNDA:3,(anonymous_4)
FNDA:3,(anonymous_5)
FNDA:1,(anonymous_6)
FNDA:8,(anonymous_7)
DA:1,1
DA:2,1
DA:3,1
DA:4,1
DA:7,1
DA:8,19
DA:15,19
DA:16,19
DA:19,19
DA:20,19
DA:21,19
DA:23,19
DA:24,19
DA:28,1
DA:36,3
DA:38,3
DA:39,3
DA:42,3
DA:45,1
DA:47,2
DA:48,2
DA:53,8
LF:22
LH:22
BRDA:22,0,0,19
BRDA:22,0,1,18
BRDA:22,0,2,17
BRDA:23,1,0,19
BRDA:23,1,1,18
BRDA:24,2,0,19
BRDA:24,2,1,1
BRF:7
BRH:7
end_of_record
TN:
SF:src/prisma/prisma.service.ts
FN:11,(anonymous_1)
FN:15,(anonymous_2)
FN:22,(anonymous_3)
FNF:3
FNH:0
FNDA:0,(anonymous_1)
FNDA:0,(anonymous_2)
FNDA:0,(anonymous_3)
DA:1,8
DA:2,8
DA:5,8
DA:9,0
DA:12,0
DA:16,0
DA:17,0
DA:18,0
DA:23,0
DA:24,0
DA:25,0
DA:26,0
DA:28,0
DA:32,0
LF:14
LH:3
BRDA:17,0,0,0
BRDA:17,0,1,0
BRDA:23,1,0,0
BRDA:23,1,1,0
BRDA:25,2,0,0
BRDA:25,2,1,0
BRF:6
BRH:0
end_of_record
TN:
SF:src/public-selection/public-selection.service.ts
FN:15,(anonymous_2)
FN:19,(anonymous_3)
FN:66,(anonymous_4)
FN:94,(anonymous_5)
FN:170,(anonymous_6)
FN:176,(anonymous_7)
FN:228,(anonymous_8)
FN:235,(anonymous_9)
FN:243,(anonymous_10)
FN:248,(anonymous_11)
FN:253,(anonymous_12)
FN:318,(anonymous_13)
FN:410,(anonymous_14)
FN:431,(anonymous_15)
FN:465,(anonymous_16)
FNF:15
FNH:10
FNDA:3,(anonymous_2)
FNDA:0,(anonymous_3)
FNDA:0,(anonymous_4)
FNDA:0,(anonymous_5)
FNDA:3,(anonymous_6)
FNDA:3,(anonymous_7)
FNDA:6,(anonymous_8)
FNDA:6,(anonymous_9)
FNDA:6,(anonymous_10)
FNDA:3,(anonymous_11)
FNDA:9,(anonymous_12)
FNDA:9,(anonymous_13)
FNDA:4,(anonymous_14)
FNDA:0,(anonymous_15)
FNDA:0,(anonymous_16)
DA:1,1
DA:8,1
DA:10,1
DA:11,1
DA:14,1
DA:15,3
DA:23,0
DA:28,0
DA:29,0
DA:33,0
DA:34,0
DA:37,0
DA:38,0
DA:43,0
DA:44,0
DA:49,0
DA:50,0
DA:53,0
DA:54,0
DA:59,0
DA:61,0
DA:70,0
DA:75,0
DA:89,0
DA:98,0
DA:104,0
DA:108,0
DA:113,0
DA:119,0
DA:157,0
DA:174,3
DA:176,3
DA:178,3
DA:181,3
DA:182,0
DA:184,3
DA:185,0
DA:187,3
DA:190,3
DA:193,3
DA:194,0
DA:196,3
DA:197,0
DA:199,3
DA:200,0
DA:202,3
DA:203,0
DA:207,3
DA:210,3
DA:211,0
DA:215,3
DA:219,3
DA:220,0
DA:223,3
DA:224,0
DA:228,6
DA:229,3
DA:230,3
DA:231,0
DA:235,6
DA:236,3
DA:237,6
DA:238,0
DA:243,6
DA:244,3
DA:248,3
DA:251,3
DA:252,6
DA:253,9
DA:255,6
DA:256,0
DA:258,6
DA:259,0
DA:261,6
DA:262,0
DA:264,6
DA:265,0
DA:267,6
DA:268,0
DA:270,6
DA:271,0
DA:273,6
DA:274,0
DA:278,6
DA:282,0
DA:292,3
DA:293,3
DA:305,0
DA:309,0
DA:311,0
DA:315,3
DA:317,3
DA:318,9
DA:319,6
DA:321,6
DA:322,0
DA:325,6
DA:326,6
DA:329,6
DA:334,6
DA:335,1
DA:341,5
DA:345,5
DA:351,5
DA:354,5
DA:372,5
DA:385,5
DA:395,2
DA:401,2
DA:410,4
DA:415,2
DA:435,0
DA:449,0
DA:450,0
DA:455,0
DA:465,0
LF:116
LH:64
BRDA:28,0,0,0
BRDA:28,0,1,0
BRDA:28,1,0,0
BRDA:28,1,1,0
BRDA:33,2,0,0
BRDA:33,2,1,0
BRDA:37,3,0,0
BRDA:37,3,1,0
BRDA:43,4,0,0
BRDA:43,4,1,0
BRDA:49,5,0,0
BRDA:49,5,1,0
BRDA:49,6,0,0
BRDA:49,6,1,0
BRDA:53,7,0,0
BRDA:53,7,1,0
BRDA:108,8,0,0
BRDA:108,8,1,0
BRDA:109,9,0,0
BRDA:109,9,1,0
BRDA:109,9,2,0
BRDA:181,10,0,0
BRDA:181,10,1,3
BRDA:181,11,0,3
BRDA:181,11,1,3
BRDA:184,12,0,0
BRDA:184,12,1,3
BRDA:193,13,0,0
BRDA:193,13,1,3
BRDA:193,14,0,3
BRDA:193,14,1,3
BRDA:196,15,0,0
BRDA:196,15,1,3
BRDA:199,16,0,0
BRDA:199,16,1,3
BRDA:202,17,0,0
BRDA:202,17,1,3
BRDA:210,18,0,0
BRDA:210,18,1,3
BRDA:210,19,0,3
BRDA:210,19,1,0
BRDA:219,20,0,0
BRDA:219,20,1,3
BRDA:223,21,0,0
BRDA:223,21,1,3
BRDA:230,22,0,0
BRDA:230,22,1,3
BRDA:237,23,0,0
BRDA:237,23,1,6
BRDA:255,24,0,0
BRDA:255,24,1,6
BRDA:258,25,0,0
BRDA:258,25,1,6
BRDA:261,26,0,0
BRDA:261,26,1,6
BRDA:264,27,0,0
BRDA:264,27,1,6
BRDA:267,28,0,0
BRDA:267,28,1,6
BRDA:270,29,0,0
BRDA:270,29,1,6
BRDA:273,30,0,0
BRDA:273,30,1,6
BRDA:273,31,0,6
BRDA:273,31,1,6
BRDA:278,32,0,0
BRDA:278,32,1,6
BRDA:279,33,0,6
BRDA:279,33,1,0
BRDA:305,34,0,0
BRDA:305,34,1,0
BRDA:306,35,0,0
BRDA:306,35,1,0
BRDA:321,36,0,0
BRDA:321,36,1,6
BRDA:321,37,0,6
BRDA:321,37,1,6
BRDA:334,38,0,1
BRDA:334,38,1,5
BRDA:345,39,0,5
BRDA:345,39,1,0
BRDA:366,40,0,5
BRDA:366,40,1,0
BRDA:406,41,0,2
BRDA:406,41,1,0
BRDA:449,42,0,0
BRDA:449,42,1,0
BRDA:449,43,0,0
BRDA:449,43,1,0
BRF:89
BRH:35
end_of_record
TN:
SF:src/selections/selections.service.ts
FN:7,sanitizeExcelCell
FN:15,translateGender
FN:21,formatDateCO
FN:35,styleHeader
FN:55,(anonymous_6)
FN:70,(anonymous_7)
FN:140,(anonymous_8)
FN:219,(anonymous_9)
FN:245,(anonymous_10)
FN:282,(anonymous_11)
FN:298,(anonymous_12)
FN:389,(anonymous_13)
FN:390,(anonymous_14)
FN:391,(anonymous_15)
FNF:14
FNH:9
FNDA:1116,sanitizeExcelCell
FNDA:62,translateGender
FNDA:124,formatDateCO
FNDA:42,styleHeader
FNDA:15,(anonymous_6)
FNDA:0,(anonymous_7)
FNDA:0,(anonymous_8)
FNDA:0,(anonymous_9)
FNDA:0,(anonymous_10)
FNDA:0,(anonymous_11)
FNDA:15,(anonymous_12)
FNDA:62,(anonymous_13)
FNDA:62,(anonymous_14)
FNDA:62,(anonymous_15)
DA:1,1
DA:2,1
DA:5,1
DA:8,1116
DA:9,1116
DA:10,0
DA:12,1116
DA:16,62
DA:17,62
DA:18,0
DA:22,124
DA:23,124
DA:24,124
DA:25,124
DA:36,42
DA:37,42
DA:38,42
DA:43,42
DA:44,42
DA:46,42
DA:47,42
DA:54,1
DA:55,15
DA:57,15
DA:71,0
DA:74,0
DA:75,0
DA:77,0
DA:78,0
DA:80,0
DA:81,0
DA:83,0
DA:84,0
DA:85,0
DA:86,0
DA:90,0
DA:92,0
DA:93,0
DA:95,0
DA:96,0
DA:99,0
DA:100,0
DA:111,0
DA:112,0
DA:113,0
DA:115,0
DA:118,0
DA:139,0
DA:140,0
DA:169,0
DA:171,0
DA:172,0
DA:174,0
DA:175,0
DA:177,0
DA:178,0
DA:179,0
DA:180,0
DA:184,0
DA:186,0
DA:187,0
DA:189,0
DA:190,0
DA:193,0
DA:194,0
DA:205,0
DA:206,0
DA:207,0
DA:209,0
DA:212,0
DA:220,0
DA:228,0
DA:229,0
DA:233,0
DA:234,0
DA:235,0
DA:237,0
DA:238,0
DA:242,0
DA:249,0
DA:253,0
DA:254,0
DA:256,0
DA:257,0
DA:259,0
DA:260,0
DA:264,0
DA:265,0
DA:266,0
DA:268,0
DA:271,0
DA:282,0
DA:302,15
DA:304,15
DA:305,3
DA:307,15
DA:308,1
DA:309,1
DA:310,1
DA:311,1
DA:315,15
DA:316,3
DA:317,1
DA:319,2
DA:322,14
DA:333,14
DA:334,14
DA:337,14
DA:338,14
DA:355,14
DA:356,14
DA:372,14
DA:373,14
DA:383,14
DA:384,62
DA:385,62
DA:386,62
DA:387,62
DA:389,62
DA:390,62
DA:391,62
DA:393,62
DA:394,62
DA:395,62
DA:396,62
DA:398,62
DA:414,62
DA:415,62
DA:431,62
DA:432,0
DA:444,14
DA:445,14
DA:446,14
DA:448,14
LF:134
LH:63
BRDA:8,0,0,1116
BRDA:8,0,1,0
BRDA:9,1,0,0
BRDA:9,1,1,1116
BRDA:16,2,0,0
BRDA:16,2,1,62
BRDA:17,3,0,62
BRDA:17,3,1,0
BRDA:18,4,0,0
BRDA:18,4,1,0
BRDA:22,5,0,0
BRDA:22,5,1,124
BRDA:24,6,0,0
BRDA:24,6,1,124
BRDA:74,7,0,0
BRDA:74,7,1,0
BRDA:74,8,0,0
BRDA:74,8,1,0
BRDA:77,9,0,0
BRDA:77,9,1,0
BRDA:80,10,0,0
BRDA:80,10,1,0
BRDA:83,11,0,0
BRDA:83,11,1,0
BRDA:85,12,0,0
BRDA:85,12,1,0
BRDA:92,13,0,0
BRDA:92,13,1,0
BRDA:95,14,0,0
BRDA:95,14,1,0
BRDA:99,15,0,0
BRDA:99,15,1,0
BRDA:111,16,0,0
BRDA:111,16,1,0
BRDA:112,17,0,0
BRDA:112,17,1,0
BRDA:155,18,0,0
BRDA:155,18,1,0
BRDA:171,19,0,0
BRDA:171,19,1,0
BRDA:174,20,0,0
BRDA:174,20,1,0
BRDA:177,21,0,0
BRDA:177,21,1,0
BRDA:179,22,0,0
BRDA:179,22,1,0
BRDA:186,23,0,0
BRDA:186,23,1,0
BRDA:189,24,0,0
BRDA:189,24,1,0
BRDA:193,25,0,0
BRDA:193,25,1,0
BRDA:205,26,0,0
BRDA:205,26,1,0
BRDA:206,27,0,0
BRDA:206,27,1,0
BRDA:228,28,0,0
BRDA:228,28,1,0
BRDA:233,29,0,0
BRDA:233,29,1,0
BRDA:234,30,0,0
BRDA:234,30,1,0
BRDA:237,31,0,0
BRDA:237,31,1,0
BRDA:253,32,0,0
BRDA:253,32,1,0
BRDA:256,33,0,0
BRDA:256,33,1,0
BRDA:259,34,0,0
BRDA:259,34,1,0
BRDA:264,35,0,0
BRDA:264,35,1,0
BRDA:265,36,0,0
BRDA:265,36,1,0
BRDA:283,37,0,0
BRDA:283,37,1,0
BRDA:284,38,0,0
BRDA:284,38,1,0
BRDA:285,39,0,0
BRDA:285,39,1,0
BRDA:286,40,0,0
BRDA:286,40,1,0
BRDA:287,41,0,0
BRDA:287,41,1,0
BRDA:288,42,0,0
BRDA:288,42,1,0
BRDA:304,43,0,3
BRDA:304,43,1,12
BRDA:307,44,0,1
BRDA:307,44,1,14
BRDA:307,45,0,15
BRDA:307,45,1,14
BRDA:309,46,0,1
BRDA:309,46,1,0
BRDA:310,47,0,1
BRDA:310,47,1,0
BRDA:315,48,0,3
BRDA:315,48,1,12
BRDA:316,49,0,1
BRDA:316,49,1,2
BRDA:384,50,0,62
BRDA:384,50,1,0
BRDA:385,51,0,62
BRDA:385,51,1,0
BRDA:386,52,0,62
BRDA:386,52,1,0
BRDA:387,53,0,62
BRDA:387,53,1,0
BRDA:394,54,0,0
BRDA:394,54,1,62
BRDA:395,55,0,0
BRDA:395,55,1,62
BRDA:396,56,0,0
BRDA:396,56,1,62
BRDA:431,57,0,0
BRDA:431,57,1,62
BRF:116
BRH:26
end_of_record
TN:
SF:src/selections/dto/selection-query.dto.ts
FN:10,(anonymous_2)
FN:15,(anonymous_3)
FN:32,(anonymous_4)
FN:38,(anonymous_5)
FNF:4
FNH:2
FNDA:0,(anonymous_2)
FNDA:0,(anonymous_3)
FNDA:2,(anonymous_4)
FNDA:2,(anonymous_5)
DA:1,1
DA:2,1
DA:4,1
DA:7,1
DA:10,0
DA:12,1
DA:15,0
DA:17,1
DA:21,1
DA:25,1
DA:29,1
DA:32,2
DA:35,1
DA:38,2
DA:42,1
LF:15
LH:13
BRF:0
BRH:0
end_of_record
